<?xml version="1.0" encoding="UTF-8"?>
<testsuite name="org.crm.CrmmodelApplicationTests" time="0.016" tests="1" errors="1" skipped="0" failures="0">
  <properties>
[...]
</properties>
  <testcase name="initializationError" classname="org.crm.CrmmodelApplicationTests" time="0.016">
    <error message="Unable to find a @SpringBootConfiguration, you need to use @ContextConfiguration or @SpringBootTest(classes=...) with your test" type="java.lang.IllegalStateException"><![CDATA[java.lang.IllegalStateException: Unable to find a @SpringBootConfiguration, you need to use @ContextConfiguration or @SpringBootTest(classes=...) with your test
	at org.springframework.util.Assert.state(Assert.java:70)
	at org.springframework.boot.test.context.SpringBootTestContextBootstrapper.getOrFindConfigurationClasses(SpringBootTestContextBootstrapper.java:202)
	at org.springframework.boot.test.context.SpringBootTestContextBootstrapper.processMergedContextConfiguration(SpringBootTestContextBootstrapper.java:137)
	at org.springframework.test.context.support.AbstractTestContextBootstrapper.buildMergedContextConfiguration(AbstractTestContextBootstrapper.java:409)
	at org.springframework.test.context.support.AbstractTestContextBootstrapper.buildDefaultMergedContextConfiguration(AbstractTestContextBootstrapper.java:323)
	at org.springframework.test.context.support.AbstractTestContextBootstrapper.buildMergedContextConfiguration(AbstractTestContextBootstrapper.java:277)
	at org.springframework.test.context.support.AbstractTestContextBootstrapper.buildTestContext(AbstractTestContextBootstrapper.java:112)
	at org.springframework.boot.test.context.SpringBootTestContextBootstrapper.buildTestContext(SpringBootTestContextBootstrapper.java:82)
	at org.springframework.test.context.TestContextManager.<init>(TestContextManager.java:120)
	at org.springframework.test.context.TestContextManager.<init>(TestContextManager.java:105)
	at org.springframework.test.context.junit4.SpringJUnit4ClassRunner.createTestContextManager(SpringJUnit4ClassRunner.java:152)
	at org.springframework.test.context.junit4.SpringJUnit4ClassRunner.<init>(SpringJUnit4ClassRunner.java:143)
	at org.springframework.test.context.junit4.SpringRunner.<init>(SpringRunner.java:49)
	at sun.reflect.NativeConstructorAccessorImpl.newInstance0(Native Method)
	at sun.reflect.NativeConstructorAccessorImpl.newInstance(NativeConstructorAccessorImpl.java:62)
	at sun.reflect.DelegatingConstructorAccessorImpl.newInstance(DelegatingConstructorAccessorImpl.java:45)
	at java.lang.reflect.Constructor.newInstance(Constructor.java:422)
	at org.junit.internal.builders.AnnotatedBuilder.buildRunner(AnnotatedBuilder.java:104)
	at org.junit.internal.builders.AnnotatedBuilder.runnerForClass(AnnotatedBuilder.java:86)
	at org.junit.runners.model.RunnerBuilder.safeRunnerForClass(RunnerBuilder.java:59)
	at org.junit.internal.builders.AllDefaultPossibilitiesBuilder.runnerForClass(AllDefaultPossibilitiesBuilder.java:26)
	at org.junit.runners.model.RunnerBuilder.safeRunnerForClass(RunnerBuilder.java:59)
	at org.junit.internal.requests.ClassRequest.getRunner(ClassRequest.java:33)
	at org.apache.maven.surefire.junit4.JUnit4Provider.execute(JUnit4Provider.java:283)
	at org.apache.maven.surefire.junit4.JUnit4Provider.executeWithRerun(JUnit4Provider.java:173)
	at org.apache.maven.surefire.junit4.JUnit4Provider.executeTestSet(JUnit4Provider.java:153)
	at org.apache.maven.surefire.junit4.JUnit4Provider.invoke(JUnit4Provider.java:128)
	at org.apache.maven.surefire.booter.ForkedBooter.invokeProviderInSameClassLoader(ForkedBooter.java:203)
	at org.apache.maven.surefire.booter.ForkedBooter.runSuitesInProcess(ForkedBooter.java:155)
	at org.apache.maven.surefire.booter.ForkedBooter.main(ForkedBooter.java:103)
]]></error>
    <system-out><![CDATA[13:13:29,514 |-INFO in ch.qos.logback.classic.LoggerContext[default] - Could NOT find resource [logback.groovy]
13:13:29,514 |-INFO in ch.qos.logback.classic.LoggerContext[default] - Could NOT find resource [logback-test.xml]
13:13:29,514 |-INFO in ch.qos.logback.classic.LoggerContext[default] - Found resource [logback.xml] at [file:/D:/usr/workspace/Sharda_test/crmmodel/target/classes/logback.xml]
13:13:31,126 |-INFO in ch.qos.logback.classic.joran.action.ConfigurationAction - debug attribute not set
13:13:32,354 |-INFO in ch.qos.logback.core.joran.action.AppenderAction - About to instantiate appender of type [ch.qos.logback.core.ConsoleAppender]
13:13:32,370 |-INFO in ch.qos.logback.core.joran.action.AppenderAction - Naming appender as [CONSOLE]
13:13:32,385 |-INFO in ch.qos.logback.core.joran.action.NestedComplexPropertyIA - Assuming default type [ch.qos.logback.classic.encoder.PatternLayoutEncoder] for [encoder] property
13:13:32,801 |-INFO in ch.qos.logback.core.joran.action.AppenderAction - About to instantiate appender of type [ch.qos.logback.core.rolling.RollingFileAppender]
13:13:32,817 |-INFO in ch.qos.logback.core.joran.action.AppenderAction - Naming appender as [FILE]
13:13:32,832 |-INFO in ch.qos.logback.core.joran.action.NestedComplexPropertyIA - Assuming default type [ch.qos.logback.classic.encoder.PatternLayoutEncoder] for [encoder] property
13:13:32,848 |-INFO in c.q.l.core.rolling.TimeBasedRollingPolicy@1452445207 - No compression will be used
13:13:32,864 |-INFO in c.q.l.core.rolling.TimeBasedRollingPolicy@1452445207 - Will use the pattern catalina.home_IS_UNDEFINED/logs/netmagic-%d{yyyy-MM-dd}.%i.log for the active file
13:13:32,864 |-INFO in ch.qos.logback.core.rolling.SizeAndTimeBasedFNATP@dd2856e - The date pattern is 'yyyy-MM-dd' from file name pattern 'catalina.home_IS_UNDEFINED/logs/netmagic-%d{yyyy-MM-dd}.%i.log'.
13:13:32,864 |-INFO in ch.qos.logback.core.rolling.SizeAndTimeBasedFNATP@dd2856e - Roll-over at midnight.
13:13:32,864 |-INFO in ch.qos.logback.core.rolling.SizeAndTimeBasedFNATP@dd2856e - Setting initial period to Sat Mar 24 13:13:32 IST 2018
13:13:32,864 |-WARN in ch.qos.logback.core.rolling.SizeAndTimeBasedFNATP@dd2856e - SizeAndTimeBasedFNATP is deprecated. Use SizeAndTimeBasedRollingPolicy instead
13:13:32,864 |-WARN in ch.qos.logback.core.rolling.SizeAndTimeBasedFNATP@dd2856e - For more information see http://logback.qos.ch/manual/appenders.html#SizeAndTimeBasedRollingPolicy
13:13:32,910 |-INFO in ch.qos.logback.core.rolling.RollingFileAppender[FILE] - Active log file name: catalina.home_IS_UNDEFINED/logs/netmagic-2018-03-24.0.log
13:13:32,910 |-INFO in ch.qos.logback.core.rolling.RollingFileAppender[FILE] - File property is set to [null]
13:13:32,910 |-INFO in ch.qos.logback.classic.joran.action.LoggerAction - Setting level of logger [com.crmmodel.*] to DEBUG
13:13:32,910 |-INFO in ch.qos.logback.classic.joran.action.RootLoggerAction - Setting level of ROOT logger to DEBUG
13:13:32,910 |-INFO in ch.qos.logback.core.joran.action.AppenderRefAction - Attaching appender named [FILE] to Logger[ROOT]
13:13:32,926 |-INFO in ch.qos.logback.core.joran.action.AppenderRefAction - Attaching appender named [CONSOLE] to Logger[ROOT]
13:13:32,926 |-INFO in ch.qos.logback.classic.joran.action.ConfigurationAction - End of configuration.
13:13:32,926 |-INFO in ch.qos.logback.classic.joran.JoranConfigurator@5a49af50 - Registering current configuration as safe fallback point

13:13:33,226 - main DEBUG SpringJUnit4ClassRunner - SpringJUnit4ClassRunner constructor called with [class org.crm.CrmmodelApplicationTests]
13:13:33,257 - main DEBUG BootstrapUtils - Instantiating CacheAwareContextLoaderDelegate from class [org.springframework.test.context.cache.DefaultCacheAwareContextLoaderDelegate]
13:13:33,382 - main DEBUG BootstrapUtils - Instantiating BootstrapContext using constructor [public org.springframework.test.context.support.DefaultBootstrapContext(java.lang.Class,org.springframework.test.context.CacheAwareContextLoaderDelegate)]
13:13:33,460 - main DEBUG BootstrapUtils - Instantiating TestContextBootstrapper for test class [org.crm.CrmmodelApplicationTests] from class [org.springframework.boot.test.context.SpringBootTestContextBootstrapper]
13:13:33,522 - main INFO  SpringBootTestContextBootstrapper - Neither @ContextConfiguration nor @ContextHierarchy found for test class [org.crm.CrmmodelApplicationTests], using SpringBootContextLoader
13:13:33,553 - main DEBUG AbstractContextLoader - Did not detect default resource location for test class [org.crm.CrmmodelApplicationTests]: class path resource [org/crm/CrmmodelApplicationTests-context.xml] does not exist
13:13:33,553 - main DEBUG AbstractContextLoader - Did not detect default resource location for test class [org.crm.CrmmodelApplicationTests]: class path resource [org/crm/CrmmodelApplicationTestsContext.groovy] does not exist
13:13:33,553 - main INFO  AbstractContextLoader - Could not detect default resource locations for test class [org.crm.CrmmodelApplicationTests]: no resource found for suffixes {-context.xml, Context.groovy}.
13:13:33,553 - main INFO  AnnotationConfigContextLoaderUtils - Could not detect default configuration classes for test class [org.crm.CrmmodelApplicationTests]: CrmmodelApplicationTests does not declare any static, non-private, non-final, nested classes annotated with @Configuration.
13:13:34,837 - main DEBUG ActiveProfilesUtils - Could not find an 'annotation declaring class' for annotation type [org.springframework.test.context.ActiveProfiles] and class [org.crm.CrmmodelApplicationTests]
13:13:34,868 - main DEBUG StandardEnvironment - Adding PropertySource 'systemProperties' with lowest search precedence
13:13:34,868 - main DEBUG StandardEnvironment - Adding PropertySource 'systemEnvironment' with lowest search precedence
13:13:34,884 - main DEBUG StandardEnvironment - Initialized StandardEnvironment with PropertySources [MapPropertySource@539058198 {name='systemProperties', properties={java.runtime.name=Java(TM) SE Runtime Environment, sun.boot.library.path=C:\Program Files\Java\jdk1.8.0_45\jre\bin, java.vm.version=25.45-b02, java.vm.vendor=Oracle Corporation, java.vendor.url=http://java.oracle.com/, path.separator=;, java.vm.name=Java HotSpot(TM) 64-Bit Server VM, file.encoding.pkg=sun.io, user.country=IN, user.script=, sun.java.launcher=SUN_STANDARD, sun.os.patch.level=Service Pack 1, java.vm.specification.name=Java Virtual Machine Specification, user.dir=D:\usr\workspace\Sharda_test\crmmodel, java.runtime.version=1.8.0_45-b14, basedir=D:\usr\workspace\Sharda_test\crmmodel, java.awt.graphicsenv=sun.awt.Win32GraphicsEnvironment, java.endorsed.dirs=C:\Program Files\Java\jdk1.8.0_45\jre\lib\endorsed, os.arch=amd64, surefire.real.class.path=D:\usr\workspace\Sharda_test\crmmodel\target\surefire\surefirebooter1204496306779865713.jar;C:\\Users\\Shardaps\\.m2\\repository\\org\\jacoco\\org.jacoco.agent\\0.7.6.201602180812\\org.jacoco.agent-0.7.6.201602180812-runtime.jar, java.io.tmpdir=C:\Users\Shardaps\AppData\Local\Temp\, line.separator=
, java.vm.specification.vendor=Oracle Corporation, user.variant=, os.name=Windows 7, sun.jnu.encoding=Cp1252, java.library.path=C:\Program Files\Java\jdk1.8.0_45\jre\bin;C:\Windows\Sun\Java\bin;C:\Windows\system32;C:\Windows;C:/Program Files/Java/jre1.8.0_45/bin/server;C:/Program Files/Java/jre1.8.0_45/bin;C:/Program Files/Java/jre1.8.0_45/lib/amd64;C:\ProgramData\Oracle\Java\javapath;C:\Program Files (x86)\Intel\iCLS Client\;C:\Program Files\Intel\iCLS Client\;C:\Windows\system32;C:\Windows;C:\Windows\System32\Wbem;C:\Windows\System32\WindowsPowerShell\v1.0\;C:\Program Files\Intel\Intel(R) Management Engine Components\DAL;C:\Program Files (x86)\Intel\Intel(R) Management Engine Components\DAL;C:\Program Files\Intel\Intel(R) Management Engine Components\IPT;C:\Program Files (x86)\Intel\Intel(R) Management Engine Components\IPT;C:\Program Files\TortoiseSVN\bin;C:\Windows\System32;C:\Program Files\Java\jdk1.7.0_55\bin;C:\Program Files (x86)\PuTTY;C:\Program Files\Apache Software Foundation\apache-maven-3.0.4\bin;C:\Program Files\MySQL\MySQL Server 5.1\bin;C:\Program Files\Intel\WiFi\bin\;C:\Program Files\Common Files\Intel\WirelessCommon\;C:\Program Files\Git\cmd;C:\Program Files\nodejs\;D:\MNP-softwares\spring-tool-suite\sts-bundle\sts-3.8.4.RELEASE;;., surefire.test.class.path=D:\usr\workspace\Sharda_test\crmmodel\target\test-classes;D:\usr\workspace\Sharda_test\crmmodel\target\classes;C:\Users\Shardaps\.m2\repository\org\springframework\boot\spring-boot-starter-activemq\1.5.9.RELEASE\spring-boot-starter-activemq-1.5.9.RELEASE.jar;C:\Users\Shardaps\.m2\repository\org\springframework\boot\spring-boot-starter\1.5.9.RELEASE\spring-boot-starter-1.5.9.RELEASE.jar;C:\Users\Shardaps\.m2\repository\org\springframework\boot\spring-boot-starter-logging\1.5.9.RELEASE\spring-boot-starter-logging-1.5.9.RELEASE.jar;C:\Users\Shardaps\.m2\repository\ch\qos\logback\logback-classic\1.1.11\logback-classic-1.1.11.jar;C:\Users\Shardaps\.m2\repository\ch\qos\logback\logback-core\1.1.11\logback-core-1.1.11.jar;C:\Users\Shardaps\.m2\repository\org\slf4j\jul-to-slf4j\1.7.25\jul-to-slf4j-1.7.25.jar;C:\Users\Shardaps\.m2\repository\org\slf4j\log4j-over-slf4j\1.7.25\log4j-over-slf4j-1.7.25.jar;C:\Users\Shardaps\.m2\repository\org\springframework\spring-jms\4.3.13.RELEASE\spring-jms-4.3.13.RELEASE.jar;C:\Users\Shardaps\.m2\repository\org\springframework\spring-tx\4.3.13.RELEASE\spring-tx-4.3.13.RELEASE.jar;C:\Users\Shardaps\.m2\repository\org\apache\activemq\activemq-broker\5.14.5\activemq-broker-5.14.5.jar;C:\Users\Shardaps\.m2\repository\org\apache\activemq\activemq-client\5.14.5\activemq-client-5.14.5.jar;C:\Users\Shardaps\.m2\repository\org\apache\geronimo\specs\geronimo-jms_1.1_spec\1.1.1\geronimo-jms_1.1_spec-1.1.1.jar;C:\Users\Shardaps\.m2\repository\org\fusesource\hawtbuf\hawtbuf\1.11\hawtbuf-1.11.jar;C:\Users\Shardaps\.m2\repository\org\apache\geronimo\specs\geronimo-j2ee-management_1.1_spec\1.0.1\geronimo-j2ee-management_1.1_spec-1.0.1.jar;C:\Users\Shardaps\.m2\repository\org\apache\activemq\activemq-openwire-legacy\5.14.5\activemq-openwire-legacy-5.14.5.jar;C:\Users\Shardaps\.m2\repository\org\springframework\boot\spring-boot-starter-aop\1.5.9.RELEASE\spring-boot-starter-aop-1.5.9.RELEASE.jar;C:\Users\Shardaps\.m2\repository\org\springframework\spring-aop\4.3.13.RELEASE\spring-aop-4.3.13.RELEASE.jar;C:\Users\Shardaps\.m2\repository\org\aspectj\aspectjweaver\1.8.13\aspectjweaver-1.8.13.jar;C:\Users\Shardaps\.m2\repository\org\springframework\boot\spring-boot-starter-data-jpa\1.5.9.RELEASE\spring-boot-starter-data-jpa-1.5.9.RELEASE.jar;C:\Users\Shardaps\.m2\repository\org\springframework\boot\spring-boot-starter-jdbc\1.5.9.RELEASE\spring-boot-starter-jdbc-1.5.9.RELEASE.jar;C:\Users\Shardaps\.m2\repository\org\apache\tomcat\tomcat-jdbc\8.5.23\tomcat-jdbc-8.5.23.jar;C:\Users\Shardaps\.m2\repository\org\apache\tomcat\tomcat-juli\8.5.23\tomcat-juli-8.5.23.jar;C:\Users\Shardaps\.m2\repository\org\springframework\spring-jdbc\4.3.13.RELEASE\spring-jdbc-4.3.13.RELEASE.jar;C:\Users\Shardaps\.m2\repository\org\hibernate\hibernate-core\5.0.12.Final\hibernate-core-5.0.12.Final.jar;C:\Users\Shardaps\.m2\repository\org\jboss\logging\jboss-logging\3.3.1.Final\jboss-logging-3.3.1.Final.jar;C:\Users\Shardaps\.m2\repository\org\hibernate\javax\persistence\hibernate-jpa-2.1-api\1.0.0.Final\hibernate-jpa-2.1-api-1.0.0.Final.jar;C:\Users\Shardaps\.m2\repository\org\javassist\javassist\3.21.0-GA\javassist-3.21.0-GA.jar;C:\Users\Shardaps\.m2\repository\antlr\antlr\2.7.7\antlr-2.7.7.jar;C:\Users\Shardaps\.m2\repository\org\jboss\jandex\2.0.0.Final\jandex-2.0.0.Final.jar;C:\Users\Shardaps\.m2\repository\dom4j\dom4j\1.6.1\dom4j-1.6.1.jar;C:\Users\Shardaps\.m2\repository\org\hibernate\common\hibernate-commons-annotations\5.0.1.Final\hibernate-commons-annotations-5.0.1.Final.jar;C:\Users\Shardaps\.m2\repository\org\hibernate\hibernate-entitymanager\5.0.12.Final\hibernate-entitymanager-5.0.12.Final.jar;C:\Users\Shardaps\.m2\repository\javax\transaction\javax.transaction-api\1.2\javax.transaction-api-1.2.jar;C:\Users\Shardaps\.m2\repository\org\springframework\data\spring-data-jpa\1.11.9.RELEASE\spring-data-jpa-1.11.9.RELEASE.jar;C:\Users\Shardaps\.m2\repository\org\springframework\data\spring-data-commons\1.13.9.RELEASE\spring-data-commons-1.13.9.RELEASE.jar;C:\Users\Shardaps\.m2\repository\org\springframework\spring-orm\4.3.13.RELEASE\spring-orm-4.3.13.RELEASE.jar;C:\Users\Shardaps\.m2\repository\org\slf4j\jcl-over-slf4j\1.7.25\jcl-over-slf4j-1.7.25.jar;C:\Users\Shardaps\.m2\repository\org\springframework\spring-aspects\4.3.13.RELEASE\spring-aspects-4.3.13.RELEASE.jar;C:\Users\Shardaps\.m2\repository\org\springframework\boot\spring-boot-starter-hateoas\1.5.9.RELEASE\spring-boot-starter-hateoas-1.5.9.RELEASE.jar;C:\Users\Shardaps\.m2\repository\org\springframework\hateoas\spring-hateoas\0.23.0.RELEASE\spring-hateoas-0.23.0.RELEASE.jar;C:\Users\Shardaps\.m2\repository\org\springframework\plugin\spring-plugin-core\1.2.0.RELEASE\spring-plugin-core-1.2.0.RELEASE.jar;C:\Users\Shardaps\.m2\repository\org\springframework\boot\spring-boot-starter-integration\1.5.9.RELEASE\spring-boot-starter-integration-1.5.9.RELEASE.jar;C:\Users\Shardaps\.m2\repository\org\springframework\integration\spring-integration-core\4.3.12.RELEASE\spring-integration-core-4.3.12.RELEASE.jar;C:\Users\Shardaps\.m2\repository\org\springframework\retry\spring-retry\1.2.1.RELEASE\spring-retry-1.2.1.RELEASE.jar;C:\Users\Shardaps\.m2\repository\org\springframework\integration\spring-integration-java-dsl\1.2.3.RELEASE\spring-integration-java-dsl-1.2.3.RELEASE.jar;C:\Users\Shardaps\.m2\repository\org\reactivestreams\reactive-streams\1.0.0\reactive-streams-1.0.0.jar;C:\Users\Shardaps\.m2\repository\org\springframework\boot\spring-boot-starter-mail\1.5.9.RELEASE\spring-boot-starter-mail-1.5.9.RELEASE.jar;C:\Users\Shardaps\.m2\repository\org\springframework\spring-context-support\4.3.13.RELEASE\spring-context-support-4.3.13.RELEASE.jar;C:\Users\Shardaps\.m2\repository\com\sun\mail\javax.mail\1.5.6\javax.mail-1.5.6.jar;C:\Users\Shardaps\.m2\repository\javax\activation\activation\1.1\activation-1.1.jar;C:\Users\Shardaps\.m2\repository\org\mybatis\spring\boot\mybatis-spring-boot-starter\1.3.1\mybatis-spring-boot-starter-1.3.1.jar;C:\Users\Shardaps\.m2\repository\org\mybatis\spring\boot\mybatis-spring-boot-autoconfigure\1.3.1\mybatis-spring-boot-autoconfigure-1.3.1.jar;C:\Users\Shardaps\.m2\repository\org\mybatis\mybatis\3.4.5\mybatis-3.4.5.jar;C:\Users\Shardaps\.m2\repository\org\mybatis\mybatis-spring\1.3.1\mybatis-spring-1.3.1.jar;C:\Users\Shardaps\.m2\repository\org\springframework\boot\spring-boot-starter-social-facebook\1.5.9.RELEASE\spring-boot-starter-social-facebook-1.5.9.RELEASE.jar;C:\Users\Shardaps\.m2\repository\org\springframework\social\spring-social-config\1.1.4.RELEASE\spring-social-config-1.1.4.RELEASE.jar;C:\Users\Shardaps\.m2\repository\org\springframework\social\spring-social-core\1.1.4.RELEASE\spring-social-core-1.1.4.RELEASE.jar;C:\Users\Shardaps\.m2\repository\org\springframework\social\spring-social-web\1.1.4.RELEASE\spring-social-web-1.1.4.RELEASE.jar;C:\Users\Shardaps\.m2\repository\javax\inject\javax.inject\1\javax.inject-1.jar;C:\Users\Shardaps\.m2\repository\org\springframework\social\spring-social-facebook\2.0.3.RELEASE\spring-social-facebook-2.0.3.RELEASE.jar;C:\Users\Shardaps\.m2\repository\org\springframework\boot\spring-boot-starter-social-linkedin\1.5.9.RELEASE\spring-boot-starter-social-linkedin-1.5.9.RELEASE.jar;C:\Users\Shardaps\.m2\repository\org\springframework\social\spring-social-linkedin\1.0.2.RELEASE\spring-social-linkedin-1.0.2.RELEASE.jar;C:\Users\Shardaps\.m2\repository\org\springframework\boot\spring-boot-starter-social-twitter\1.5.9.RELEASE\spring-boot-starter-social-twitter-1.5.9.RELEASE.jar;C:\Users\Shardaps\.m2\repository\org\springframework\social\spring-social-twitter\1.1.2.RELEASE\spring-social-twitter-1.1.2.RELEASE.jar;C:\Users\Shardaps\.m2\repository\org\springframework\security\spring-security-crypto\4.2.3.RELEASE\spring-security-crypto-4.2.3.RELEASE.jar;C:\Users\Shardaps\.m2\repository\org\springframework\boot\spring-boot-starter-web\1.5.9.RELEASE\spring-boot-starter-web-1.5.9.RELEASE.jar;C:\Users\Shardaps\.m2\repository\org\hibernate\hibernate-validator\5.3.6.Final\hibernate-validator-5.3.6.Final.jar;C:\Users\Shardaps\.m2\repository\javax\validation\validation-api\1.1.0.Final\validation-api-1.1.0.Final.jar;C:\Users\Shardaps\.m2\repository\org\springframework\spring-web\4.3.13.RELEASE\spring-web-4.3.13.RELEASE.jar;C:\Users\Shardaps\.m2\repository\org\springframework\boot\spring-boot-starter-web-services\1.5.9.RELEASE\spring-boot-starter-web-services-1.5.9.RELEASE.jar;C:\Users\Shardaps\.m2\repository\org\springframework\spring-oxm\4.3.13.RELEASE\spring-oxm-4.3.13.RELEASE.jar;C:\Users\Shardaps\.m2\repository\org\springframework\ws\spring-ws-core\2.4.2.RELEASE\spring-ws-core-2.4.2.RELEASE.jar;C:\Users\Shardaps\.m2\repository\org\springframework\ws\spring-xml\2.4.2.RELEASE\spring-xml-2.4.2.RELEASE.jar;C:\Users\Shardaps\.m2\repository\org\springframework\boot\spring-boot-starter-websocket\1.5.9.RELEASE\spring-boot-starter-websocket-1.5.9.RELEASE.jar;C:\Users\Shardaps\.m2\repository\org\springframework\spring-messaging\4.3.13.RELEASE\spring-messaging-4.3.13.RELEASE.jar;C:\Users\Shardaps\.m2\repository\org\springframework\spring-websocket\4.3.13.RELEASE\spring-websocket-4.3.13.RELEASE.jar;C:\Users\Shardaps\.m2\repository\org\springframework\boot\spring-boot-starter-tomcat\1.5.9.RELEASE\spring-boot-starter-tomcat-1.5.9.RELEASE.jar;C:\Users\Shardaps\.m2\repository\org\apache\tomcat\embed\tomcat-embed-core\8.5.23\tomcat-embed-core-8.5.23.jar;C:\Users\Shardaps\.m2\repository\org\apache\tomcat\tomcat-annotations-api\8.5.23\tomcat-annotations-api-8.5.23.jar;C:\Users\Shardaps\.m2\repository\org\apache\tomcat\embed\tomcat-embed-el\8.5.23\tomcat-embed-el-8.5.23.jar;C:\Users\Shardaps\.m2\repository\org\apache\tomcat\embed\tomcat-embed-websocket\8.5.23\tomcat-embed-websocket-8.5.23.jar;C:\Users\Shardaps\.m2\repository\org\springframework\boot\spring-boot-devtools\1.5.9.RELEASE\spring-boot-devtools-1.5.9.RELEASE.jar;C:\Users\Shardaps\.m2\repository\org\springframework\boot\spring-boot\1.5.9.RELEASE\spring-boot-1.5.9.RELEASE.jar;C:\Users\Shardaps\.m2\repository\org\springframework\boot\spring-boot-autoconfigure\1.5.9.RELEASE\spring-boot-autoconfigure-1.5.9.RELEASE.jar;C:\Users\Shardaps\.m2\repository\org\springframework\spring-context\4.3.13.RELEASE\spring-context-4.3.13.RELEASE.jar;C:\Users\Shardaps\.m2\repository\org\springframework\spring-beans\4.3.13.RELEASE\spring-beans-4.3.13.RELEASE.jar;C:\Users\Shardaps\.m2\repository\org\springframework\spring-core\4.3.13.RELEASE\spring-core-4.3.13.RELEASE.jar;C:\Users\Shardaps\.m2\repository\org\springframework\spring-expression\4.3.13.RELEASE\spring-expression-4.3.13.RELEASE.jar;C:\Users\Shardaps\.m2\repository\org\springframework\spring-webmvc\4.3.13.RELEASE\spring-webmvc-4.3.13.RELEASE.jar;C:\Users\Shardaps\.m2\repository\org\springframework\boot\spring-boot-starter-security\1.5.9.RELEASE\spring-boot-starter-security-1.5.9.RELEASE.jar;C:\Users\Shardaps\.m2\repository\org\springframework\security\spring-security-config\4.2.3.RELEASE\spring-security-config-4.2.3.RELEASE.jar;C:\Users\Shardaps\.m2\repository\org\springframework\security\spring-security-web\4.2.3.RELEASE\spring-security-web-4.2.3.RELEASE.jar;C:\Users\Shardaps\.m2\repository\org\springframework\security\spring-security-test\4.2.3.RELEASE\spring-security-test-4.2.3.RELEASE.jar;C:\Users\Shardaps\.m2\repository\org\springframework\security\spring-security-core\4.2.3.RELEASE\spring-security-core-4.2.3.RELEASE.jar;C:\Users\Shardaps\.m2\repository\aopalliance\aopalliance\1.0\aopalliance-1.0.jar;C:\Users\Shardaps\.m2\repository\org\springframework\spring-test\4.3.13.RELEASE\spring-test-4.3.13.RELEASE.jar;C:\Users\Shardaps\.m2\repository\org\springframework\boot\spring-boot-starter-data-redis\1.5.9.RELEASE\spring-boot-starter-data-redis-1.5.9.RELEASE.jar;C:\Users\Shardaps\.m2\repository\org\springframework\data\spring-data-redis\1.8.9.RELEASE\spring-data-redis-1.8.9.RELEASE.jar;C:\Users\Shardaps\.m2\repository\org\springframework\data\spring-data-keyvalue\1.2.9.RELEASE\spring-data-keyvalue-1.2.9.RELEASE.jar;C:\Users\Shardaps\.m2\repository\redis\clients\jedis\2.9.0\jedis-2.9.0.jar;C:\Users\Shardaps\.m2\repository\org\springframework\session\spring-session-data-redis\1.3.1.RELEASE\spring-session-data-redis-1.3.1.RELEASE.jar;C:\Users\Shardaps\.m2\repository\org\apache\commons\commons-pool2\2.4.3\commons-pool2-2.4.3.jar;C:\Users\Shardaps\.m2\repository\org\springframework\session\spring-session\1.3.1.RELEASE\spring-session-1.3.1.RELEASE.jar;C:\Users\Shardaps\.m2\repository\org\liquibase\liquibase-core\3.5.3\liquibase-core-3.5.3.jar;C:\Users\Shardaps\.m2\repository\org\yaml\snakeyaml\1.17\snakeyaml-1.17.jar;C:\Users\Shardaps\.m2\repository\mysql\mysql-connector-java\5.1.44\mysql-connector-java-5.1.44.jar;C:\Users\Shardaps\.m2\repository\io\springfox\springfox-swagger2\2.7.0\springfox-swagger2-2.7.0.jar;C:\Users\Shardaps\.m2\repository\io\swagger\swagger-annotations\1.5.13\swagger-annotations-1.5.13.jar;C:\Users\Shardaps\.m2\repository\io\swagger\swagger-models\1.5.13\swagger-models-1.5.13.jar;C:\Users\Shardaps\.m2\repository\io\springfox\springfox-spi\2.7.0\springfox-spi-2.7.0.jar;C:\Users\Shardaps\.m2\repository\io\springfox\springfox-core\2.7.0\springfox-core-2.7.0.jar;C:\Users\Shardaps\.m2\repository\net\bytebuddy\byte-buddy\1.6.14\byte-buddy-1.6.14.jar;C:\Users\Shardaps\.m2\repository\io\springfox\springfox-schema\2.7.0\springfox-schema-2.7.0.jar;C:\Users\Shardaps\.m2\repository\io\springfox\springfox-swagger-common\2.7.0\springfox-swagger-common-2.7.0.jar;C:\Users\Shardaps\.m2\repository\io\springfox\springfox-spring-web\2.7.0\springfox-spring-web-2.7.0.jar;C:\Users\Shardaps\.m2\repository\org\reflections\reflections\0.9.11\reflections-0.9.11.jar;C:\Users\Shardaps\.m2\repository\com\google\guava\guava\18.0\guava-18.0.jar;C:\Users\Shardaps\.m2\repository\com\fasterxml\classmate\1.3.4\classmate-1.3.4.jar;C:\Users\Shardaps\.m2\repository\org\slf4j\slf4j-api\1.7.25\slf4j-api-1.7.25.jar;C:\Users\Shardaps\.m2\repository\org\springframework\plugin\spring-plugin-metadata\1.2.0.RELEASE\spring-plugin-metadata-1.2.0.RELEASE.jar;C:\Users\Shardaps\.m2\repository\org\mapstruct\mapstruct\1.1.0.Final\mapstruct-1.1.0.Final.jar;C:\Users\Shardaps\.m2\repository\io\springfox\springfox-swagger-ui\2.7.0\springfox-swagger-ui-2.7.0.jar;C:\Users\Shardaps\.m2\repository\org\jsondoc\spring-boot-starter-jsondoc\1.2.19\spring-boot-starter-jsondoc-1.2.19.jar;C:\Users\Shardaps\.m2\repository\org\jsondoc\jsondoc-springmvc\1.2.19\jsondoc-springmvc-1.2.19.jar;C:\Users\Shardaps\.m2\repository\org\jsondoc\jsondoc-core\1.2.19\jsondoc-core-1.2.19.jar;C:\Users\Shardaps\.m2\repository\org\jsondoc\jsondoc-ui-webjar\1.2.19\jsondoc-ui-webjar-1.2.19.jar;C:\Users\Shardaps\.m2\repository\com\fasterxml\jackson\core\jackson-annotations\2.8.0\jackson-annotations-2.8.0.jar;C:\Users\Shardaps\.m2\repository\com\fasterxml\jackson\core\jackson-core\2.8.10\jackson-core-2.8.10.jar;C:\Users\Shardaps\.m2\repository\com\fasterxml\jackson\core\jackson-databind\2.8.10\jackson-databind-2.8.10.jar;C:\Users\Shardaps\.m2\repository\commons-httpclient\commons-httpclient\3.1\commons-httpclient-3.1.jar;C:\Users\Shardaps\.m2\repository\commons-logging\commons-logging\1.0.4\commons-logging-1.0.4.jar;C:\Users\Shardaps\.m2\repository\commons-codec\commons-codec\1.10\commons-codec-1.10.jar;C:\Users\Shardaps\.m2\repository\com\google\code\bean-matchers\bean-matchers\0.9\bean-matchers-0.9.jar;C:\Users\Shardaps\.m2\repository\org\hamcrest\hamcrest-core\1.3\hamcrest-core-1.3.jar;C:\Users\Shardaps\.m2\repository\junit\junit\4.12\junit-4.12.jar;C:\Users\Shardaps\.m2\repository\org\mockito\mockito-core\1.10.19\mockito-core-1.10.19.jar;C:\Users\Shardaps\.m2\repository\org\objenesis\objenesis\2.1\objenesis-2.1.jar;C:\Users\Shardaps\.m2\repository\org\powermock\powermock-module-junit4\1.6.4\powermock-module-junit4-1.6.4.jar;C:\Users\Shardaps\.m2\repository\org\powermock\powermock-module-junit4-common\1.6.4\powermock-module-junit4-common-1.6.4.jar;C:\Users\Shardaps\.m2\repository\org\powermock\powermock-core\1.6.4\powermock-core-1.6.4.jar;C:\Users\Shardaps\.m2\repository\org\powermock\powermock-reflect\1.6.4\powermock-reflect-1.6.4.jar;C:\Users\Shardaps\.m2\repository\org\powermock\powermock-api-mockito\1.6.4\powermock-api-mockito-1.6.4.jar;C:\Users\Shardaps\.m2\repository\org\powermock\powermock-api-support\1.6.4\powermock-api-support-1.6.4.jar;C:\Users\Shardaps\.m2\repository\org\springframework\boot\spring-boot-starter-test\1.5.9.RELEASE\spring-boot-starter-test-1.5.9.RELEASE.jar;C:\Users\Shardaps\.m2\repository\org\springframework\boot\spring-boot-test\1.5.9.RELEASE\spring-boot-test-1.5.9.RELEASE.jar;C:\Users\Shardaps\.m2\repository\org\springframework\boot\spring-boot-test-autoconfigure\1.5.9.RELEASE\spring-boot-test-autoconfigure-1.5.9.RELEASE.jar;C:\Users\Shardaps\.m2\repository\com\jayway\jsonpath\json-path\2.2.0\json-path-2.2.0.jar;C:\Users\Shardaps\.m2\repository\net\minidev\json-smart\2.2.1\json-smart-2.2.1.jar;C:\Users\Shardaps\.m2\repository\net\minidev\accessors-smart\1.1\accessors-smart-1.1.jar;C:\Users\Shardaps\.m2\repository\org\ow2\asm\asm\5.0.3\asm-5.0.3.jar;C:\Users\Shardaps\.m2\repository\org\assertj\assertj-core\2.6.0\assertj-core-2.6.0.jar;C:\Users\Shardaps\.m2\repository\org\hamcrest\hamcrest-library\1.3\hamcrest-library-1.3.jar;C:\Users\Shardaps\.m2\repository\org\skyscreamer\jsonassert\1.4.0\jsonassert-1.4.0.jar;C:\Users\Shardaps\.m2\repository\com\vaadin\external\google\android-json\0.0.20131108.vaadin1\android-json-0.0.20131108.vaadin1.jar;C:\Users\Shardaps\.m2\repository\commons-io\commons-io\1.3.2\commons-io-1.3.2.jar;C:\Users\Shardaps\.m2\repository\org\codehaus\janino\janino\2.7.8\janino-2.7.8.jar;C:\Users\Shardaps\.m2\repository\org\codehaus\janino\commons-compiler\2.7.8\commons-compiler-2.7.8.jar;C:\Users\Shardaps\.m2\repository\joda-time\joda-time\2.9.9\joda-time-2.9.9.jar;C:\Users\Shardaps\.m2\repository\org\apache\httpcomponents\httpclient\4.5.3\httpclient-4.5.3.jar;C:\Users\Shardaps\.m2\repository\org\apache\httpcomponents\httpcore\4.4.8\httpcore-4.4.8.jar;C:\Users\Shardaps\.m2\repository\com\itextpdf\barcodes\7.0.2\barcodes-7.0.2.jar;C:\Users\Shardaps\.m2\repository\com\itextpdf\font-asian\7.0.2\font-asian-7.0.2.jar;C:\Users\Shardaps\.m2\repository\com\itextpdf\forms\7.0.2\forms-7.0.2.jar;C:\Users\Shardaps\.m2\repository\com\itextpdf\hyph\7.0.2\hyph-7.0.2.jar;C:\Users\Shardaps\.m2\repository\com\itextpdf\io\7.0.2\io-7.0.2.jar;C:\Users\Shardaps\.m2\repository\com\itextpdf\kernel\7.0.2\kernel-7.0.2.jar;C:\Users\Shardaps\.m2\repository\com\itextpdf\layout\7.0.2\layout-7.0.2.jar;C:\Users\Shardaps\.m2\repository\com\itextpdf\pdfa\7.0.2\pdfa-7.0.2.jar;C:\Users\Shardaps\.m2\repository\com\itextpdf\sign\7.0.2\sign-7.0.2.jar;C:\Users\Shardaps\.m2\repository\javax\servlet\servlet-api\2.5\servlet-api-2.5.jar;C:\Users\Shardaps\.m2\repository\javax\servlet\jstl\1.2\jstl-1.2.jar;, java.specification.name=Java Platform API Specification, java.class.version=52.0, sun.management.compiler=HotSpot 64-Bit Tiered Compilers, os.version=6.1, user.home=C:\Users\Shardaps, user.timezone=Asia/Calcutta, java.awt.printerjob=sun.awt.windows.WPrinterJob, file.encoding=Cp1252, java.specification.version=1.8, java.class.path=D:\usr\workspace\Sharda_test\crmmodel\target\test-classes;D:\usr\workspace\Sharda_test\crmmodel\target\classes;C:\Users\Shardaps\.m2\repository\org\springframework\boot\spring-boot-starter-activemq\1.5.9.RELEASE\spring-boot-starter-activemq-1.5.9.RELEASE.jar;C:\Users\Shardaps\.m2\repository\org\springframework\boot\spring-boot-starter\1.5.9.RELEASE\spring-boot-starter-1.5.9.RELEASE.jar;C:\Users\Shardaps\.m2\repository\org\springframework\boot\spring-boot-starter-logging\1.5.9.RELEASE\spring-boot-starter-logging-1.5.9.RELEASE.jar;C:\Users\Shardaps\.m2\repository\ch\qos\logback\logback-classic\1.1.11\logback-classic-1.1.11.jar;C:\Users\Shardaps\.m2\repository\ch\qos\logback\logback-core\1.1.11\logback-core-1.1.11.jar;C:\Users\Shardaps\.m2\repository\org\slf4j\jul-to-slf4j\1.7.25\jul-to-slf4j-1.7.25.jar;C:\Users\Shardaps\.m2\repository\org\slf4j\log4j-over-slf4j\1.7.25\log4j-over-slf4j-1.7.25.jar;C:\Users\Shardaps\.m2\repository\org\springframework\spring-jms\4.3.13.RELEASE\spring-jms-4.3.13.RELEASE.jar;C:\Users\Shardaps\.m2\repository\org\springframework\spring-tx\4.3.13.RELEASE\spring-tx-4.3.13.RELEASE.jar;C:\Users\Shardaps\.m2\repository\org\apache\activemq\activemq-broker\5.14.5\activemq-broker-5.14.5.jar;C:\Users\Shardaps\.m2\repository\org\apache\activemq\activemq-client\5.14.5\activemq-client-5.14.5.jar;C:\Users\Shardaps\.m2\repository\org\apache\geronimo\specs\geronimo-jms_1.1_spec\1.1.1\geronimo-jms_1.1_spec-1.1.1.jar;C:\Users\Shardaps\.m2\repository\org\fusesource\hawtbuf\hawtbuf\1.11\hawtbuf-1.11.jar;C:\Users\Shardaps\.m2\repository\org\apache\geronimo\specs\geronimo-j2ee-management_1.1_spec\1.0.1\geronimo-j2ee-management_1.1_spec-1.0.1.jar;C:\Users\Shardaps\.m2\repository\org\apache\activemq\activemq-openwire-legacy\5.14.5\activemq-openwire-legacy-5.14.5.jar;C:\Users\Shardaps\.m2\repository\org\springframework\boot\spring-boot-starter-aop\1.5.9.RELEASE\spring-boot-starter-aop-1.5.9.RELEASE.jar;C:\Users\Shardaps\.m2\repository\org\springframework\spring-aop\4.3.13.RELEASE\spring-aop-4.3.13.RELEASE.jar;C:\Users\Shardaps\.m2\repository\org\aspectj\aspectjweaver\1.8.13\aspectjweaver-1.8.13.jar;C:\Users\Shardaps\.m2\repository\org\springframework\boot\spring-boot-starter-data-jpa\1.5.9.RELEASE\spring-boot-starter-data-jpa-1.5.9.RELEASE.jar;C:\Users\Shardaps\.m2\repository\org\springframework\boot\spring-boot-starter-jdbc\1.5.9.RELEASE\spring-boot-starter-jdbc-1.5.9.RELEASE.jar;C:\Users\Shardaps\.m2\repository\org\apache\tomcat\tomcat-jdbc\8.5.23\tomcat-jdbc-8.5.23.jar;C:\Users\Shardaps\.m2\repository\org\apache\tomcat\tomcat-juli\8.5.23\tomcat-juli-8.5.23.jar;C:\Users\Shardaps\.m2\repository\org\springframework\spring-jdbc\4.3.13.RELEASE\spring-jdbc-4.3.13.RELEASE.jar;C:\Users\Shardaps\.m2\repository\org\hibernate\hibernate-core\5.0.12.Final\hibernate-core-5.0.12.Final.jar;C:\Users\Shardaps\.m2\repository\org\jboss\logging\jboss-logging\3.3.1.Final\jboss-logging-3.3.1.Final.jar;C:\Users\Shardaps\.m2\repository\org\hibernate\javax\persistence\hibernate-jpa-2.1-api\1.0.0.Final\hibernate-jpa-2.1-api-1.0.0.Final.jar;C:\Users\Shardaps\.m2\repository\org\javassist\javassist\3.21.0-GA\javassist-3.21.0-GA.jar;C:\Users\Shardaps\.m2\repository\antlr\antlr\2.7.7\antlr-2.7.7.jar;C:\Users\Shardaps\.m2\repository\org\jboss\jandex\2.0.0.Final\jandex-2.0.0.Final.jar;C:\Users\Shardaps\.m2\repository\dom4j\dom4j\1.6.1\dom4j-1.6.1.jar;C:\Users\Shardaps\.m2\repository\org\hibernate\common\hibernate-commons-annotations\5.0.1.Final\hibernate-commons-annotations-5.0.1.Final.jar;C:\Users\Shardaps\.m2\repository\org\hibernate\hibernate-entitymanager\5.0.12.Final\hibernate-entitymanager-5.0.12.Final.jar;C:\Users\Shardaps\.m2\repository\javax\transaction\javax.transaction-api\1.2\javax.transaction-api-1.2.jar;C:\Users\Shardaps\.m2\repository\org\springframework\data\spring-data-jpa\1.11.9.RELEASE\spring-data-jpa-1.11.9.RELEASE.jar;C:\Users\Shardaps\.m2\repository\org\springframework\data\spring-data-commons\1.13.9.RELEASE\spring-data-commons-1.13.9.RELEASE.jar;C:\Users\Shardaps\.m2\repository\org\springframework\spring-orm\4.3.13.RELEASE\spring-orm-4.3.13.RELEASE.jar;C:\Users\Shardaps\.m2\repository\org\slf4j\jcl-over-slf4j\1.7.25\jcl-over-slf4j-1.7.25.jar;C:\Users\Shardaps\.m2\repository\org\springframework\spring-aspects\4.3.13.RELEASE\spring-aspects-4.3.13.RELEASE.jar;C:\Users\Shardaps\.m2\repository\org\springframework\boot\spring-boot-starter-hateoas\1.5.9.RELEASE\spring-boot-starter-hateoas-1.5.9.RELEASE.jar;C:\Users\Shardaps\.m2\repository\org\springframework\hateoas\spring-hateoas\0.23.0.RELEASE\spring-hateoas-0.23.0.RELEASE.jar;C:\Users\Shardaps\.m2\repository\org\springframework\plugin\spring-plugin-core\1.2.0.RELEASE\spring-plugin-core-1.2.0.RELEASE.jar;C:\Users\Shardaps\.m2\repository\org\springframework\boot\spring-boot-starter-integration\1.5.9.RELEASE\spring-boot-starter-integration-1.5.9.RELEASE.jar;C:\Users\Shardaps\.m2\repository\org\springframework\integration\spring-integration-core\4.3.12.RELEASE\spring-integration-core-4.3.12.RELEASE.jar;C:\Users\Shardaps\.m2\repository\org\springframework\retry\spring-retry\1.2.1.RELEASE\spring-retry-1.2.1.RELEASE.jar;C:\Users\Shardaps\.m2\repository\org\springframework\integration\spring-integration-java-dsl\1.2.3.RELEASE\spring-integration-java-dsl-1.2.3.RELEASE.jar;C:\Users\Shardaps\.m2\repository\org\reactivestreams\reactive-streams\1.0.0\reactive-streams-1.0.0.jar;C:\Users\Shardaps\.m2\repository\org\springframework\boot\spring-boot-starter-mail\1.5.9.RELEASE\spring-boot-starter-mail-1.5.9.RELEASE.jar;C:\Users\Shardaps\.m2\repository\org\springframework\spring-context-support\4.3.13.RELEASE\spring-context-support-4.3.13.RELEASE.jar;C:\Users\Shardaps\.m2\repository\com\sun\mail\javax.mail\1.5.6\javax.mail-1.5.6.jar;C:\Users\Shardaps\.m2\repository\javax\activation\activation\1.1\activation-1.1.jar;C:\Users\Shardaps\.m2\repository\org\mybatis\spring\boot\mybatis-spring-boot-starter\1.3.1\mybatis-spring-boot-starter-1.3.1.jar;C:\Users\Shardaps\.m2\repository\org\mybatis\spring\boot\mybatis-spring-boot-autoconfigure\1.3.1\mybatis-spring-boot-autoconfigure-1.3.1.jar;C:\Users\Shardaps\.m2\repository\org\mybatis\mybatis\3.4.5\mybatis-3.4.5.jar;C:\Users\Shardaps\.m2\repository\org\mybatis\mybatis-spring\1.3.1\mybatis-spring-1.3.1.jar;C:\Users\Shardaps\.m2\repository\org\springframework\boot\spring-boot-starter-social-facebook\1.5.9.RELEASE\spring-boot-starter-social-facebook-1.5.9.RELEASE.jar;C:\Users\Shardaps\.m2\repository\org\springframework\social\spring-social-config\1.1.4.RELEASE\spring-social-config-1.1.4.RELEASE.jar;C:\Users\Shardaps\.m2\repository\org\springframework\social\spring-social-core\1.1.4.RELEASE\spring-social-core-1.1.4.RELEASE.jar;C:\Users\Shardaps\.m2\repository\org\springframework\social\spring-social-web\1.1.4.RELEASE\spring-social-web-1.1.4.RELEASE.jar;C:\Users\Shardaps\.m2\repository\javax\inject\javax.inject\1\javax.inject-1.jar;C:\Users\Shardaps\.m2\repository\org\springframework\social\spring-social-facebook\2.0.3.RELEASE\spring-social-facebook-2.0.3.RELEASE.jar;C:\Users\Shardaps\.m2\repository\org\springframework\boot\spring-boot-starter-social-linkedin\1.5.9.RELEASE\spring-boot-starter-social-linkedin-1.5.9.RELEASE.jar;C:\Users\Shardaps\.m2\repository\org\springframework\social\spring-social-linkedin\1.0.2.RELEASE\spring-social-linkedin-1.0.2.RELEASE.jar;C:\Users\Shardaps\.m2\repository\org\springframework\boot\spring-boot-starter-social-twitter\1.5.9.RELEASE\spring-boot-starter-social-twitter-1.5.9.RELEASE.jar;C:\Users\Shardaps\.m2\repository\org\springframework\social\spring-social-twitter\1.1.2.RELEASE\spring-social-twitter-1.1.2.RELEASE.jar;C:\Users\Shardaps\.m2\repository\org\springframework\security\spring-security-crypto\4.2.3.RELEASE\spring-security-crypto-4.2.3.RELEASE.jar;C:\Users\Shardaps\.m2\repository\org\springframework\boot\spring-boot-starter-web\1.5.9.RELEASE\spring-boot-starter-web-1.5.9.RELEASE.jar;C:\Users\Shardaps\.m2\repository\org\hibernate\hibernate-validator\5.3.6.Final\hibernate-validator-5.3.6.Final.jar;C:\Users\Shardaps\.m2\repository\javax\validation\validation-api\1.1.0.Final\validation-api-1.1.0.Final.jar;C:\Users\Shardaps\.m2\repository\org\springframework\spring-web\4.3.13.RELEASE\spring-web-4.3.13.RELEASE.jar;C:\Users\Shardaps\.m2\repository\org\springframework\boot\spring-boot-starter-web-services\1.5.9.RELEASE\spring-boot-starter-web-services-1.5.9.RELEASE.jar;C:\Users\Shardaps\.m2\repository\org\springframework\spring-oxm\4.3.13.RELEASE\spring-oxm-4.3.13.RELEASE.jar;C:\Users\Shardaps\.m2\repository\org\springframework\ws\spring-ws-core\2.4.2.RELEASE\spring-ws-core-2.4.2.RELEASE.jar;C:\Users\Shardaps\.m2\repository\org\springframework\ws\spring-xml\2.4.2.RELEASE\spring-xml-2.4.2.RELEASE.jar;C:\Users\Shardaps\.m2\repository\org\springframework\boot\spring-boot-starter-websocket\1.5.9.RELEASE\spring-boot-starter-websocket-1.5.9.RELEASE.jar;C:\Users\Shardaps\.m2\repository\org\springframework\spring-messaging\4.3.13.RELEASE\spring-messaging-4.3.13.RELEASE.jar;C:\Users\Shardaps\.m2\repository\org\springframework\spring-websocket\4.3.13.RELEASE\spring-websocket-4.3.13.RELEASE.jar;C:\Users\Shardaps\.m2\repository\org\springframework\boot\spring-boot-starter-tomcat\1.5.9.RELEASE\spring-boot-starter-tomcat-1.5.9.RELEASE.jar;C:\Users\Shardaps\.m2\repository\org\apache\tomcat\embed\tomcat-embed-core\8.5.23\tomcat-embed-core-8.5.23.jar;C:\Users\Shardaps\.m2\repository\org\apache\tomcat\tomcat-annotations-api\8.5.23\tomcat-annotations-api-8.5.23.jar;C:\Users\Shardaps\.m2\repository\org\apache\tomcat\embed\tomcat-embed-el\8.5.23\tomcat-embed-el-8.5.23.jar;C:\Users\Shardaps\.m2\repository\org\apache\tomcat\embed\tomcat-embed-websocket\8.5.23\tomcat-embed-websocket-8.5.23.jar;C:\Users\Shardaps\.m2\repository\org\springframework\boot\spring-boot-devtools\1.5.9.RELEASE\spring-boot-devtools-1.5.9.RELEASE.jar;C:\Users\Shardaps\.m2\repository\org\springframework\boot\spring-boot\1.5.9.RELEASE\spring-boot-1.5.9.RELEASE.jar;C:\Users\Shardaps\.m2\repository\org\springframework\boot\spring-boot-autoconfigure\1.5.9.RELEASE\spring-boot-autoconfigure-1.5.9.RELEASE.jar;C:\Users\Shardaps\.m2\repository\org\springframework\spring-context\4.3.13.RELEASE\spring-context-4.3.13.RELEASE.jar;C:\Users\Shardaps\.m2\repository\org\springframework\spring-beans\4.3.13.RELEASE\spring-beans-4.3.13.RELEASE.jar;C:\Users\Shardaps\.m2\repository\org\springframework\spring-core\4.3.13.RELEASE\spring-core-4.3.13.RELEASE.jar;C:\Users\Shardaps\.m2\repository\org\springframework\spring-expression\4.3.13.RELEASE\spring-expression-4.3.13.RELEASE.jar;C:\Users\Shardaps\.m2\repository\org\springframework\spring-webmvc\4.3.13.RELEASE\spring-webmvc-4.3.13.RELEASE.jar;C:\Users\Shardaps\.m2\repository\org\springframework\boot\spring-boot-starter-security\1.5.9.RELEASE\spring-boot-starter-security-1.5.9.RELEASE.jar;C:\Users\Shardaps\.m2\repository\org\springframework\security\spring-security-config\4.2.3.RELEASE\spring-security-config-4.2.3.RELEASE.jar;C:\Users\Shardaps\.m2\repository\org\springframework\security\spring-security-web\4.2.3.RELEASE\spring-security-web-4.2.3.RELEASE.jar;C:\Users\Shardaps\.m2\repository\org\springframework\security\spring-security-test\4.2.3.RELEASE\spring-security-test-4.2.3.RELEASE.jar;C:\Users\Shardaps\.m2\repository\org\springframework\security\spring-security-core\4.2.3.RELEASE\spring-security-core-4.2.3.RELEASE.jar;C:\Users\Shardaps\.m2\repository\aopalliance\aopalliance\1.0\aopalliance-1.0.jar;C:\Users\Shardaps\.m2\repository\org\springframework\spring-test\4.3.13.RELEASE\spring-test-4.3.13.RELEASE.jar;C:\Users\Shardaps\.m2\repository\org\springframework\boot\spring-boot-starter-data-redis\1.5.9.RELEASE\spring-boot-starter-data-redis-1.5.9.RELEASE.jar;C:\Users\Shardaps\.m2\repository\org\springframework\data\spring-data-redis\1.8.9.RELEASE\spring-data-redis-1.8.9.RELEASE.jar;C:\Users\Shardaps\.m2\repository\org\springframework\data\spring-data-keyvalue\1.2.9.RELEASE\spring-data-keyvalue-1.2.9.RELEASE.jar;C:\Users\Shardaps\.m2\repository\redis\clients\jedis\2.9.0\jedis-2.9.0.jar;C:\Users\Shardaps\.m2\repository\org\springframework\session\spring-session-data-redis\1.3.1.RELEASE\spring-session-data-redis-1.3.1.RELEASE.jar;C:\Users\Shardaps\.m2\repository\org\apache\commons\commons-pool2\2.4.3\commons-pool2-2.4.3.jar;C:\Users\Shardaps\.m2\repository\org\springframework\session\spring-session\1.3.1.RELEASE\spring-session-1.3.1.RELEASE.jar;C:\Users\Shardaps\.m2\repository\org\liquibase\liquibase-core\3.5.3\liquibase-core-3.5.3.jar;C:\Users\Shardaps\.m2\repository\org\yaml\snakeyaml\1.17\snakeyaml-1.17.jar;C:\Users\Shardaps\.m2\repository\mysql\mysql-connector-java\5.1.44\mysql-connector-java-5.1.44.jar;C:\Users\Shardaps\.m2\repository\io\springfox\springfox-swagger2\2.7.0\springfox-swagger2-2.7.0.jar;C:\Users\Shardaps\.m2\repository\io\swagger\swagger-annotations\1.5.13\swagger-annotations-1.5.13.jar;C:\Users\Shardaps\.m2\repository\io\swagger\swagger-models\1.5.13\swagger-models-1.5.13.jar;C:\Users\Shardaps\.m2\repository\io\springfox\springfox-spi\2.7.0\springfox-spi-2.7.0.jar;C:\Users\Shardaps\.m2\repository\io\springfox\springfox-core\2.7.0\springfox-core-2.7.0.jar;C:\Users\Shardaps\.m2\repository\net\bytebuddy\byte-buddy\1.6.14\byte-buddy-1.6.14.jar;C:\Users\Shardaps\.m2\repository\io\springfox\springfox-schema\2.7.0\springfox-schema-2.7.0.jar;C:\Users\Shardaps\.m2\repository\io\springfox\springfox-swagger-common\2.7.0\springfox-swagger-common-2.7.0.jar;C:\Users\Shardaps\.m2\repository\io\springfox\springfox-spring-web\2.7.0\springfox-spring-web-2.7.0.jar;C:\Users\Shardaps\.m2\repository\org\reflections\reflections\0.9.11\reflections-0.9.11.jar;C:\Users\Shardaps\.m2\repository\com\google\guava\guava\18.0\guava-18.0.jar;C:\Users\Shardaps\.m2\repository\com\fasterxml\classmate\1.3.4\classmate-1.3.4.jar;C:\Users\Shardaps\.m2\repository\org\slf4j\slf4j-api\1.7.25\slf4j-api-1.7.25.jar;C:\Users\Shardaps\.m2\repository\org\springframework\plugin\spring-plugin-metadata\1.2.0.RELEASE\spring-plugin-metadata-1.2.0.RELEASE.jar;C:\Users\Shardaps\.m2\repository\org\mapstruct\mapstruct\1.1.0.Final\mapstruct-1.1.0.Final.jar;C:\Users\Shardaps\.m2\repository\io\springfox\springfox-swagger-ui\2.7.0\springfox-swagger-ui-2.7.0.jar;C:\Users\Shardaps\.m2\repository\org\jsondoc\spring-boot-starter-jsondoc\1.2.19\spring-boot-starter-jsondoc-1.2.19.jar;C:\Users\Shardaps\.m2\repository\org\jsondoc\jsondoc-springmvc\1.2.19\jsondoc-springmvc-1.2.19.jar;C:\Users\Shardaps\.m2\repository\org\jsondoc\jsondoc-core\1.2.19\jsondoc-core-1.2.19.jar;C:\Users\Shardaps\.m2\repository\org\jsondoc\jsondoc-ui-webjar\1.2.19\jsondoc-ui-webjar-1.2.19.jar;C:\Users\Shardaps\.m2\repository\com\fasterxml\jackson\core\jackson-annotations\2.8.0\jackson-annotations-2.8.0.jar;C:\Users\Shardaps\.m2\repository\com\fasterxml\jackson\core\jackson-core\2.8.10\jackson-core-2.8.10.jar;C:\Users\Shardaps\.m2\repository\com\fasterxml\jackson\core\jackson-databind\2.8.10\jackson-databind-2.8.10.jar;C:\Users\Shardaps\.m2\repository\commons-httpclient\commons-httpclient\3.1\commons-httpclient-3.1.jar;C:\Users\Shardaps\.m2\repository\commons-logging\commons-logging\1.0.4\commons-logging-1.0.4.jar;C:\Users\Shardaps\.m2\repository\commons-codec\commons-codec\1.10\commons-codec-1.10.jar;C:\Users\Shardaps\.m2\repository\com\google\code\bean-matchers\bean-matchers\0.9\bean-matchers-0.9.jar;C:\Users\Shardaps\.m2\repository\org\hamcrest\hamcrest-core\1.3\hamcrest-core-1.3.jar;C:\Users\Shardaps\.m2\repository\junit\junit\4.12\junit-4.12.jar;C:\Users\Shardaps\.m2\repository\org\mockito\mockito-core\1.10.19\mockito-core-1.10.19.jar;C:\Users\Shardaps\.m2\repository\org\objenesis\objenesis\2.1\objenesis-2.1.jar;C:\Users\Shardaps\.m2\repository\org\powermock\powermock-module-junit4\1.6.4\powermock-module-junit4-1.6.4.jar;C:\Users\Shardaps\.m2\repository\org\powermock\powermock-module-junit4-common\1.6.4\powermock-module-junit4-common-1.6.4.jar;C:\Users\Shardaps\.m2\repository\org\powermock\powermock-core\1.6.4\powermock-core-1.6.4.jar;C:\Users\Shardaps\.m2\repository\org\powermock\powermock-reflect\1.6.4\powermock-reflect-1.6.4.jar;C:\Users\Shardaps\.m2\repository\org\powermock\powermock-api-mockito\1.6.4\powermock-api-mockito-1.6.4.jar;C:\Users\Shardaps\.m2\repository\org\powermock\powermock-api-support\1.6.4\powermock-api-support-1.6.4.jar;C:\Users\Shardaps\.m2\repository\org\springframework\boot\spring-boot-starter-test\1.5.9.RELEASE\spring-boot-starter-test-1.5.9.RELEASE.jar;C:\Users\Shardaps\.m2\repository\org\springframework\boot\spring-boot-test\1.5.9.RELEASE\spring-boot-test-1.5.9.RELEASE.jar;C:\Users\Shardaps\.m2\repository\org\springframework\boot\spring-boot-test-autoconfigure\1.5.9.RELEASE\spring-boot-test-autoconfigure-1.5.9.RELEASE.jar;C:\Users\Shardaps\.m2\repository\com\jayway\jsonpath\json-path\2.2.0\json-path-2.2.0.jar;C:\Users\Shardaps\.m2\repository\net\minidev\json-smart\2.2.1\json-smart-2.2.1.jar;C:\Users\Shardaps\.m2\repository\net\minidev\accessors-smart\1.1\accessors-smart-1.1.jar;C:\Users\Shardaps\.m2\repository\org\ow2\asm\asm\5.0.3\asm-5.0.3.jar;C:\Users\Shardaps\.m2\repository\org\assertj\assertj-core\2.6.0\assertj-core-2.6.0.jar;C:\Users\Shardaps\.m2\repository\org\hamcrest\hamcrest-library\1.3\hamcrest-library-1.3.jar;C:\Users\Shardaps\.m2\repository\org\skyscreamer\jsonassert\1.4.0\jsonassert-1.4.0.jar;C:\Users\Shardaps\.m2\repository\com\vaadin\external\google\android-json\0.0.20131108.vaadin1\android-json-0.0.20131108.vaadin1.jar;C:\Users\Shardaps\.m2\repository\commons-io\commons-io\1.3.2\commons-io-1.3.2.jar;C:\Users\Shardaps\.m2\repository\org\codehaus\janino\janino\2.7.8\janino-2.7.8.jar;C:\Users\Shardaps\.m2\repository\org\codehaus\janino\commons-compiler\2.7.8\commons-compiler-2.7.8.jar;C:\Users\Shardaps\.m2\repository\joda-time\joda-time\2.9.9\joda-time-2.9.9.jar;C:\Users\Shardaps\.m2\repository\org\apache\httpcomponents\httpclient\4.5.3\httpclient-4.5.3.jar;C:\Users\Shardaps\.m2\repository\org\apache\httpcomponents\httpcore\4.4.8\httpcore-4.4.8.jar;C:\Users\Shardaps\.m2\repository\com\itextpdf\barcodes\7.0.2\barcodes-7.0.2.jar;C:\Users\Shardaps\.m2\repository\com\itextpdf\font-asian\7.0.2\font-asian-7.0.2.jar;C:\Users\Shardaps\.m2\repository\com\itextpdf\forms\7.0.2\forms-7.0.2.jar;C:\Users\Shardaps\.m2\repository\com\itextpdf\hyph\7.0.2\hyph-7.0.2.jar;C:\Users\Shardaps\.m2\repository\com\itextpdf\io\7.0.2\io-7.0.2.jar;C:\Users\Shardaps\.m2\repository\com\itextpdf\kernel\7.0.2\kernel-7.0.2.jar;C:\Users\Shardaps\.m2\repository\com\itextpdf\layout\7.0.2\layout-7.0.2.jar;C:\Users\Shardaps\.m2\repository\com\itextpdf\pdfa\7.0.2\pdfa-7.0.2.jar;C:\Users\Shardaps\.m2\repository\com\itextpdf\sign\7.0.2\sign-7.0.2.jar;C:\Users\Shardaps\.m2\repository\javax\servlet\servlet-api\2.5\servlet-api-2.5.jar;C:\Users\Shardaps\.m2\repository\javax\servlet\jstl\1.2\jstl-1.2.jar;, user.name=shardaps, java.vm.specification.version=1.8, sun.java.command=D:\usr\workspace\Sharda_test\crmmodel\target\surefire\surefirebooter1204496306779865713.jar D:\usr\workspace\Sharda_test\crmmodel\target\surefire\surefire102459052362600237tmp D:\usr\workspace\Sharda_test\crmmodel\target\surefire\surefire_01154288810565317442tmp, java.home=C:\Program Files\Java\jdk1.8.0_45\jre, sun.arch.data.model=64, user.language=en, java.specification.vendor=Oracle Corporation, awt.toolkit=sun.awt.windows.WToolkit, java.vm.info=mixed mode, java.version=1.8.0_45, java.ext.dirs=C:\Program Files\Java\jdk1.8.0_45\jre\lib\ext;C:\Windows\Sun\Java\lib\ext, sun.boot.class.path=C:\Program Files\Java\jdk1.8.0_45\jre\lib\resources.jar;C:\Program Files\Java\jdk1.8.0_45\jre\lib\rt.jar;C:\Program Files\Java\jdk1.8.0_45\jre\lib\sunrsasign.jar;C:\Program Files\Java\jdk1.8.0_45\jre\lib\jsse.jar;C:\Program Files\Java\jdk1.8.0_45\jre\lib\jce.jar;C:\Program Files\Java\jdk1.8.0_45\jre\lib\charsets.jar;C:\Program Files\Java\jdk1.8.0_45\jre\lib\jfr.jar;C:\Program Files\Java\jdk1.8.0_45\jre\classes, java.vendor=Oracle Corporation, localRepository=C:\Users\Shardaps\.m2\repository, file.separator=\, java.vendor.url.bug=http://bugreport.sun.com/bugreport/, sun.io.unicode.encoding=UnicodeLittle, sun.cpu.endian=little, sun.desktop=windows, sun.cpu.isalist=amd64}}, SystemEnvironmentPropertySource@725884502 {name='systemEnvironment', properties={PATH=C:/Program Files/Java/jre1.8.0_45/bin/server;C:/Program Files/Java/jre1.8.0_45/bin;C:/Program Files/Java/jre1.8.0_45/lib/amd64;C:\ProgramData\Oracle\Java\javapath;C:\Program Files (x86)\Intel\iCLS Client\;C:\Program Files\Intel\iCLS Client\;C:\Windows\system32;C:\Windows;C:\Windows\System32\Wbem;C:\Windows\System32\WindowsPowerShell\v1.0\;C:\Program Files\Intel\Intel(R) Management Engine Components\DAL;C:\Program Files (x86)\Intel\Intel(R) Management Engine Components\DAL;C:\Program Files\Intel\Intel(R) Management Engine Components\IPT;C:\Program Files (x86)\Intel\Intel(R) Management Engine Components\IPT;C:\Program Files\TortoiseSVN\bin;C:\Windows\System32;C:\Program Files\Java\jdk1.7.0_55\bin;C:\Program Files (x86)\PuTTY;C:\Program Files\Apache Software Foundation\apache-maven-3.0.4\bin;C:\Program Files\MySQL\MySQL Server 5.1\bin;C:\Program Files\Intel\WiFi\bin\;C:\Program Files\Common Files\Intel\WirelessCommon\;C:\Program Files\Git\cmd;C:\Program Files\nodejs\;D:\MNP-softwares\spring-tool-suite\sts-bundle\sts-3.8.4.RELEASE;, LOCALAPPDATA=C:\Users\Shardaps\AppData\Local, PROCESSOR_LEVEL=6, SYSTEMDRIVE=C:, COMMONPROGRAMFILES(X86)=C:\Program Files (x86)\Common Files, FP_NO_HOST_CHECK=NO, USERDOMAIN=NETDOM, LOGONSERVER=\\NMMUMVIKHDC02, JAVA_HOME=C:\Program Files\Java\jdk1.7.0_55, PROMPT=$P$G, SESSIONNAME=Console, ALLUSERSPROFILE=C:\ProgramData, PROGRAMFILES(X86)=C:\Program Files (x86), PROCESSOR_ARCHITECTURE=AMD64, DEFLOGDIR=C:\ProgramData\McAfee\Endpoint Security\Logs, PROGRAMFILES=C:\Program Files, WINDOWS_TRACING_FLAGS=3, APPDATA=C:\Users\Shardaps\AppData\Roaming, PSMODULEPATH=C:\Windows\system32\WindowsPowerShell\v1.0\Modules\, PROGRAMW6432=C:\Program Files, PROGRAMDATA=C:\ProgramData, SYSTEMROOT=C:\Windows, USERNAME=shardaps, USERDNSDOMAIN=NETDOM.LOC, PATHEXT=.COM;.EXE;.BAT;.CMD;.VBS;.VBE;.JS;.JSE;.WSF;.WSH;.MSC, OS=Windows_NT, COMMONPROGRAMW6432=C:\Program Files\Common Files, COMPUTERNAME=P01-M0335-L024, COMMONPROGRAMFILES=C:\Program Files\Common Files, COMSPEC=C:\Windows\system32\cmd.exe, CATALINA_HOME=C:\Program Files\Apache Software Foundation\jboss-as-web-7.0.0.Final\bin, UOIPME_REG_PATH=C:\Program Files\Intel Corporation\USB over IP, PROCESSOR_REVISION=3d04, CLASSPATH=C:\Program Files\Java\jdk1.7.0_55\jre\lib, WINDIR=C:\Windows, =D:=D:\usr\workspace\Sharda_test\crmmodel, HOMEPATH=\Users\Shardaps, TEMP=C:\Users\Shardaps\AppData\Local\Temp, CV_INSTANCE001=C:\Program Files\Commvault\ContentStore\Base, HOMEDRIVE=C:, PROCESSOR_IDENTIFIER=Intel64 Family 6 Model 61 Stepping 4, GenuineIntel, USERPROFILE=C:\Users\Shardaps, TMP=C:\Users\Shardaps\AppData\Local\Temp, WINDOWS_TRACING_LOGFILE=C:\BVTBin\Tests\installpackage\csilogfile.log, PUBLIC=C:\Users\Public, NUMBER_OF_PROCESSORS=4, =::=::\}}]
13:13:34,947 - main DEBUG PathMatchingResourcePatternResolver - Resolved classpath location [org/crm/] to resources [URL [file:/D:/usr/workspace/Sharda_test/crmmodel/target/test-classes/org/crm/], URL [file:/D:/usr/workspace/Sharda_test/crmmodel/target/classes/org/crm/]]
13:13:34,947 - main DEBUG PathMatchingResourcePatternResolver - Looking for matching resources in directory tree [D:\usr\workspace\Sharda_test\crmmodel\target\test-classes\org\crm]
13:13:34,947 - main DEBUG PathMatchingResourcePatternResolver - Searching directory [D:\usr\workspace\Sharda_test\crmmodel\target\test-classes\org\crm] for files matching pattern [D:/usr/workspace/Sharda_test/crmmodel/target/test-classes/org/crm/*.class]
13:13:34,963 - main DEBUG PathMatchingResourcePatternResolver - Looking for matching resources in directory tree [D:\usr\workspace\Sharda_test\crmmodel\target\classes\org\crm]
13:13:34,963 - main DEBUG PathMatchingResourcePatternResolver - Searching directory [D:\usr\workspace\Sharda_test\crmmodel\target\classes\org\crm] for files matching pattern [D:/usr/workspace/Sharda_test/crmmodel/target/classes/org/crm/*.class]
13:13:34,963 - main DEBUG PathMatchingResourcePatternResolver - Resolved location pattern [classpath*:org/crm/*.class] to resources [file [D:\usr\workspace\Sharda_test\crmmodel\target\test-classes\org\crm\CrmmodelApplicationTests.class]]
13:13:35,088 - main DEBUG PathMatchingResourcePatternResolver - Resolved classpath location [org/] to resources [URL [jar:file:/C:/Users/Shardaps/.m2/repository/org/apache/maven/surefire/surefire-booter/2.18.1/surefire-booter-2.18.1.jar!/org/], URL [jar:file:/C:/Users/Shardaps/.m2/repository/org/apache/maven/surefire/surefire-api/2.18.1/surefire-api-2.18.1.jar!/org/], URL [file:/D:/usr/workspace/Sharda_test/crmmodel/target/test-classes/org/], URL [file:/D:/usr/workspace/Sharda_test/crmmodel/target/classes/org/], URL [jar:file:/C:/Users/Shardaps/.m2/repository/ch/qos/logback/logback-classic/1.1.11/logback-classic-1.1.11.jar!/org/], URL [jar:file:/C:/Users/Shardaps/.m2/repository/org/slf4j/jul-to-slf4j/1.7.25/jul-to-slf4j-1.7.25.jar!/org/], URL [jar:file:/C:/Users/Shardaps/.m2/repository/org/slf4j/log4j-over-slf4j/1.7.25/log4j-over-slf4j-1.7.25.jar!/org/], URL [jar:file:/C:/Users/Shardaps/.m2/repository/org/springframework/spring-jms/4.3.13.RELEASE/spring-jms-4.3.13.RELEASE.jar!/org/], URL [jar:file:/C:/Users/Shardaps/.m2/repository/org/springframework/spring-tx/4.3.13.RELEASE/spring-tx-4.3.13.RELEASE.jar!/org/], URL [jar:file:/C:/Users/Shardaps/.m2/repository/org/apache/activemq/activemq-broker/5.14.5/activemq-broker-5.14.5.jar!/org/], URL [jar:file:/C:/Users/Shardaps/.m2/repository/org/apache/activemq/activemq-client/5.14.5/activemq-client-5.14.5.jar!/org/], URL [jar:file:/C:/Users/Shardaps/.m2/repository/org/fusesource/hawtbuf/hawtbuf/1.11/hawtbuf-1.11.jar!/org/], URL [jar:file:/C:/Users/Shardaps/.m2/repository/org/apache/activemq/activemq-openwire-legacy/5.14.5/activemq-openwire-legacy-5.14.5.jar!/org/], URL [jar:file:/C:/Users/Shardaps/.m2/repository/org/springframework/spring-aop/4.3.13.RELEASE/spring-aop-4.3.13.RELEASE.jar!/org/], URL [jar:file:/C:/Users/Shardaps/.m2/repository/org/aspectj/aspectjweaver/1.8.13/aspectjweaver-1.8.13.jar!/org/], URL [jar:file:/C:/Users/Shardaps/.m2/repository/org/apache/tomcat/tomcat-jdbc/8.5.23/tomcat-jdbc-8.5.23.jar!/org/], URL [jar:file:/C:/Users/Shardaps/.m2/repository/org/apache/tomcat/tomcat-juli/8.5.23/tomcat-juli-8.5.23.jar!/org/], URL [jar:file:/C:/Users/Shardaps/.m2/repository/org/springframework/spring-jdbc/4.3.13.RELEASE/spring-jdbc-4.3.13.RELEASE.jar!/org/], URL [jar:file:/C:/Users/Shardaps/.m2/repository/org/hibernate/hibernate-core/5.0.12.Final/hibernate-core-5.0.12.Final.jar!/org/], URL [jar:file:/C:/Users/Shardaps/.m2/repository/org/jboss/logging/jboss-logging/3.3.1.Final/jboss-logging-3.3.1.Final.jar!/org/], URL [jar:file:/C:/Users/Shardaps/.m2/repository/org/jboss/jandex/2.0.0.Final/jandex-2.0.0.Final.jar!/org/], URL [jar:file:/C:/Users/Shardaps/.m2/repository/dom4j/dom4j/1.6.1/dom4j-1.6.1.jar!/org/], URL [jar:file:/C:/Users/Shardaps/.m2/repository/org/hibernate/common/hibernate-commons-annotations/5.0.1.Final/hibernate-commons-annotations-5.0.1.Final.jar!/org/], URL [jar:file:/C:/Users/Shardaps/.m2/repository/org/hibernate/hibernate-entitymanager/5.0.12.Final/hibernate-entitymanager-5.0.12.Final.jar!/org/], URL [jar:file:/C:/Users/Shardaps/.m2/repository/org/springframework/data/spring-data-jpa/1.11.9.RELEASE/spring-data-jpa-1.11.9.RELEASE.jar!/org/], URL [jar:file:/C:/Users/Shardaps/.m2/repository/org/springframework/data/spring-data-commons/1.13.9.RELEASE/spring-data-commons-1.13.9.RELEASE.jar!/org/], URL [jar:file:/C:/Users/Shardaps/.m2/repository/org/springframework/spring-orm/4.3.13.RELEASE/spring-orm-4.3.13.RELEASE.jar!/org/], URL [jar:file:/C:/Users/Shardaps/.m2/repository/org/slf4j/jcl-over-slf4j/1.7.25/jcl-over-slf4j-1.7.25.jar!/org/], URL [jar:file:/C:/Users/Shardaps/.m2/repository/org/springframework/spring-aspects/4.3.13.RELEASE/spring-aspects-4.3.13.RELEASE.jar!/org/], URL [jar:file:/C:/Users/Shardaps/.m2/repository/org/springframework/hateoas/spring-hateoas/0.23.0.RELEASE/spring-hateoas-0.23.0.RELEASE.jar!/org/], URL [jar:file:/C:/Users/Shardaps/.m2/repository/org/springframework/plugin/spring-plugin-core/1.2.0.RELEASE/spring-plugin-core-1.2.0.RELEASE.jar!/org/], URL [jar:file:/C:/Users/Shardaps/.m2/repository/org/springframework/integration/spring-integration-core/4.3.12.RELEASE/spring-integration-core-4.3.12.RELEASE.jar!/org/], URL [jar:file:/C:/Users/Shardaps/.m2/repository/org/springframework/retry/spring-retry/1.2.1.RELEASE/spring-retry-1.2.1.RELEASE.jar!/org/], URL [jar:file:/C:/Users/Shardaps/.m2/repository/org/springframework/integration/spring-integration-java-dsl/1.2.3.RELEASE/spring-integration-java-dsl-1.2.3.RELEASE.jar!/org/], URL [jar:file:/C:/Users/Shardaps/.m2/repository/org/reactivestreams/reactive-streams/1.0.0/reactive-streams-1.0.0.jar!/org/], URL [jar:file:/C:/Users/Shardaps/.m2/repository/org/springframework/spring-context-support/4.3.13.RELEASE/spring-context-support-4.3.13.RELEASE.jar!/org/], URL [jar:file:/C:/Users/Shardaps/.m2/repository/org/mybatis/spring/boot/mybatis-spring-boot-autoconfigure/1.3.1/mybatis-spring-boot-autoconfigure-1.3.1.jar!/org/], URL [jar:file:/C:/Users/Shardaps/.m2/repository/org/mybatis/mybatis/3.4.5/mybatis-3.4.5.jar!/org/], URL [jar:file:/C:/Users/Shardaps/.m2/repository/org/mybatis/mybatis-spring/1.3.1/mybatis-spring-1.3.1.jar!/org/], URL [jar:file:/C:/Users/Shardaps/.m2/repository/org/springframework/social/spring-social-config/1.1.4.RELEASE/spring-social-config-1.1.4.RELEASE.jar!/org/], URL [jar:file:/C:/Users/Shardaps/.m2/repository/org/springframework/social/spring-social-core/1.1.4.RELEASE/spring-social-core-1.1.4.RELEASE.jar!/org/], URL [jar:file:/C:/Users/Shardaps/.m2/repository/org/springframework/social/spring-social-web/1.1.4.RELEASE/spring-social-web-1.1.4.RELEASE.jar!/org/], URL [jar:file:/C:/Users/Shardaps/.m2/repository/org/springframework/social/spring-social-facebook/2.0.3.RELEASE/spring-social-facebook-2.0.3.RELEASE.jar!/org/], URL [jar:file:/C:/Users/Shardaps/.m2/repository/org/springframework/social/spring-social-linkedin/1.0.2.RELEASE/spring-social-linkedin-1.0.2.RELEASE.jar!/org/], URL [jar:file:/C:/Users/Shardaps/.m2/repository/org/springframework/social/spring-social-twitter/1.1.2.RELEASE/spring-social-twitter-1.1.2.RELEASE.jar!/org/], URL [jar:file:/C:/Users/Shardaps/.m2/repository/org/springframework/security/spring-security-crypto/4.2.3.RELEASE/spring-security-crypto-4.2.3.RELEASE.jar!/org/], URL [jar:file:/C:/Users/Shardaps/.m2/repository/org/hibernate/hibernate-validator/5.3.6.Final/hibernate-validator-5.3.6.Final.jar!/org/], URL [jar:file:/C:/Users/Shardaps/.m2/repository/org/springframework/spring-web/4.3.13.RELEASE/spring-web-4.3.13.RELEASE.jar!/org/], URL [jar:file:/C:/Users/Shardaps/.m2/repository/org/springframework/spring-oxm/4.3.13.RELEASE/spring-oxm-4.3.13.RELEASE.jar!/org/], URL [jar:file:/C:/Users/Shardaps/.m2/repository/org/springframework/ws/spring-ws-core/2.4.2.RELEASE/spring-ws-core-2.4.2.RELEASE.jar!/org/], URL [jar:file:/C:/Users/Shardaps/.m2/repository/org/springframework/ws/spring-xml/2.4.2.RELEASE/spring-xml-2.4.2.RELEASE.jar!/org/], URL [jar:file:/C:/Users/Shardaps/.m2/repository/org/springframework/spring-messaging/4.3.13.RELEASE/spring-messaging-4.3.13.RELEASE.jar!/org/], URL [jar:file:/C:/Users/Shardaps/.m2/repository/org/springframework/spring-websocket/4.3.13.RELEASE/spring-websocket-4.3.13.RELEASE.jar!/org/], URL [jar:file:/C:/Users/Shardaps/.m2/repository/org/apache/tomcat/embed/tomcat-embed-core/8.5.23/tomcat-embed-core-8.5.23.jar!/org/], URL [jar:file:/C:/Users/Shardaps/.m2/repository/org/apache/tomcat/embed/tomcat-embed-el/8.5.23/tomcat-embed-el-8.5.23.jar!/org/], URL [jar:file:/C:/Users/Shardaps/.m2/repository/org/apache/tomcat/embed/tomcat-embed-websocket/8.5.23/tomcat-embed-websocket-8.5.23.jar!/org/], URL [jar:file:/C:/Users/Shardaps/.m2/repository/org/springframework/boot/spring-boot-devtools/1.5.9.RELEASE/spring-boot-devtools-1.5.9.RELEASE.jar!/org/], URL [jar:file:/C:/Users/Shardaps/.m2/repository/org/springframework/boot/spring-boot/1.5.9.RELEASE/spring-boot-1.5.9.RELEASE.jar!/org/], URL [jar:file:/C:/Users/Shardaps/.m2/repository/org/springframework/boot/spring-boot-autoconfigure/1.5.9.RELEASE/spring-boot-autoconfigure-1.5.9.RELEASE.jar!/org/], URL [jar:file:/C:/Users/Shardaps/.m2/repository/org/springframework/spring-context/4.3.13.RELEASE/spring-context-4.3.13.RELEASE.jar!/org/], URL [jar:file:/C:/Users/Shardaps/.m2/repository/org/springframework/spring-beans/4.3.13.RELEASE/spring-beans-4.3.13.RELEASE.jar!/org/], URL [jar:file:/C:/Users/Shardaps/.m2/repository/org/springframework/spring-core/4.3.13.RELEASE/spring-core-4.3.13.RELEASE.jar!/org/], URL [jar:file:/C:/Users/Shardaps/.m2/repository/org/springframework/spring-expression/4.3.13.RELEASE/spring-expression-4.3.13.RELEASE.jar!/org/], URL [jar:file:/C:/Users/Shardaps/.m2/repository/org/springframework/spring-webmvc/4.3.13.RELEASE/spring-webmvc-4.3.13.RELEASE.jar!/org/], URL [jar:file:/C:/Users/Shardaps/.m2/repository/org/springframework/security/spring-security-config/4.2.3.RELEASE/spring-security-config-4.2.3.RELEASE.jar!/org/], URL [jar:file:/C:/Users/Shardaps/.m2/repository/org/springframework/security/spring-security-web/4.2.3.RELEASE/spring-security-web-4.2.3.RELEASE.jar!/org/], URL [jar:file:/C:/Users/Shardaps/.m2/repository/org/springframework/security/spring-security-test/4.2.3.RELEASE/spring-security-test-4.2.3.RELEASE.jar!/org/], URL [jar:file:/C:/Users/Shardaps/.m2/repository/org/springframework/security/spring-security-core/4.2.3.RELEASE/spring-security-core-4.2.3.RELEASE.jar!/org/], URL [jar:file:/C:/Users/Shardaps/.m2/repository/aopalliance/aopalliance/1.0/aopalliance-1.0.jar!/org/], URL [jar:file:/C:/Users/Shardaps/.m2/repository/org/springframework/spring-test/4.3.13.RELEASE/spring-test-4.3.13.RELEASE.jar!/org/], URL [jar:file:/C:/Users/Shardaps/.m2/repository/org/springframework/data/spring-data-redis/1.8.9.RELEASE/spring-data-redis-1.8.9.RELEASE.jar!/org/], URL [jar:file:/C:/Users/Shardaps/.m2/repository/org/springframework/data/spring-data-keyvalue/1.2.9.RELEASE/spring-data-keyvalue-1.2.9.RELEASE.jar!/org/], URL [jar:file:/C:/Users/Shardaps/.m2/repository/org/apache/commons/commons-pool2/2.4.3/commons-pool2-2.4.3.jar!/org/], URL [jar:file:/C:/Users/Shardaps/.m2/repository/org/springframework/session/spring-session/1.3.1.RELEASE/spring-session-1.3.1.RELEASE.jar!/org/], URL [jar:file:/C:/Users/Shardaps/.m2/repository/org/yaml/snakeyaml/1.17/snakeyaml-1.17.jar!/org/], URL [jar:file:/C:/Users/Shardaps/.m2/repository/mysql/mysql-connector-java/5.1.44/mysql-connector-java-5.1.44.jar!/org/], URL [jar:file:/C:/Users/Shardaps/.m2/repository/org/reflections/reflections/0.9.11/reflections-0.9.11.jar!/org/], URL [jar:file:/C:/Users/Shardaps/.m2/repository/org/slf4j/slf4j-api/1.7.25/slf4j-api-1.7.25.jar!/org/], URL [jar:file:/C:/Users/Shardaps/.m2/repository/org/springframework/plugin/spring-plugin-metadata/1.2.0.RELEASE/spring-plugin-metadata-1.2.0.RELEASE.jar!/org/], URL [jar:file:/C:/Users/Shardaps/.m2/repository/org/mapstruct/mapstruct/1.1.0.Final/mapstruct-1.1.0.Final.jar!/org/], URL [jar:file:/C:/Users/Shardaps/.m2/repository/org/jsondoc/spring-boot-starter-jsondoc/1.2.19/spring-boot-starter-jsondoc-1.2.19.jar!/org/], URL [jar:file:/C:/Users/Shardaps/.m2/repository/org/jsondoc/jsondoc-springmvc/1.2.19/jsondoc-springmvc-1.2.19.jar!/org/], URL [jar:file:/C:/Users/Shardaps/.m2/repository/org/jsondoc/jsondoc-core/1.2.19/jsondoc-core-1.2.19.jar!/org/], URL [jar:file:/C:/Users/Shardaps/.m2/repository/commons-httpclient/commons-httpclient/3.1/commons-httpclient-3.1.jar!/org/], URL [jar:file:/C:/Users/Shardaps/.m2/repository/commons-logging/commons-logging/1.0.4/commons-logging-1.0.4.jar!/org/], URL [jar:file:/C:/Users/Shardaps/.m2/repository/commons-codec/commons-codec/1.10/commons-codec-1.10.jar!/org/], URL [jar:file:/C:/Users/Shardaps/.m2/repository/org/hamcrest/hamcrest-core/1.3/hamcrest-core-1.3.jar!/org/], URL [jar:file:/C:/Users/Shardaps/.m2/repository/junit/junit/4.12/junit-4.12.jar!/org/], URL [jar:file:/C:/Users/Shardaps/.m2/repository/org/mockito/mockito-core/1.10.19/mockito-core-1.10.19.jar!/org/], URL [jar:file:/C:/Users/Shardaps/.m2/repository/org/objenesis/objenesis/2.1/objenesis-2.1.jar!/org/], URL [jar:file:/C:/Users/Shardaps/.m2/repository/org/powermock/powermock-module-junit4/1.6.4/powermock-module-junit4-1.6.4.jar!/org/], URL [jar:file:/C:/Users/Shardaps/.m2/repository/org/powermock/powermock-module-junit4-common/1.6.4/powermock-module-junit4-common-1.6.4.jar!/org/], URL [jar:file:/C:/Users/Shardaps/.m2/repository/org/powermock/powermock-core/1.6.4/powermock-core-1.6.4.jar!/org/], URL [jar:file:/C:/Users/Shardaps/.m2/repository/org/powermock/powermock-reflect/1.6.4/powermock-reflect-1.6.4.jar!/org/], URL [jar:file:/C:/Users/Shardaps/.m2/repository/org/powermock/powermock-api-mockito/1.6.4/powermock-api-mockito-1.6.4.jar!/org/], URL [jar:file:/C:/Users/Shardaps/.m2/repository/org/powermock/powermock-api-support/1.6.4/powermock-api-support-1.6.4.jar!/org/], URL [jar:file:/C:/Users/Shardaps/.m2/repository/org/springframework/boot/spring-boot-test/1.5.9.RELEASE/spring-boot-test-1.5.9.RELEASE.jar!/org/], URL [jar:file:/C:/Users/Shardaps/.m2/repository/org/springframework/boot/spring-boot-test-autoconfigure/1.5.9.RELEASE/spring-boot-test-autoconfigure-1.5.9.RELEASE.jar!/org/], URL [jar:file:/C:/Users/Shardaps/.m2/repository/net/minidev/accessors-smart/1.1/accessors-smart-1.1.jar!/org/], URL [jar:file:/C:/Users/Shardaps/.m2/repository/org/ow2/asm/asm/5.0.3/asm-5.0.3.jar!/org/], URL [jar:file:/C:/Users/Shardaps/.m2/repository/org/assertj/assertj-core/2.6.0/assertj-core-2.6.0.jar!/org/], URL [jar:file:/C:/Users/Shardaps/.m2/repository/org/hamcrest/hamcrest-library/1.3/hamcrest-library-1.3.jar!/org/], URL [jar:file:/C:/Users/Shardaps/.m2/repository/org/skyscreamer/jsonassert/1.4.0/jsonassert-1.4.0.jar!/org/], URL [jar:file:/C:/Users/Shardaps/.m2/repository/com/vaadin/external/google/android-json/0.0.20131108.vaadin1/android-json-0.0.20131108.vaadin1.jar!/org/], URL [jar:file:/C:/Users/Shardaps/.m2/repository/commons-io/commons-io/1.3.2/commons-io-1.3.2.jar!/org/], URL [jar:file:/C:/Users/Shardaps/.m2/repository/joda-time/joda-time/2.9.9/joda-time-2.9.9.jar!/org/], URL [jar:file:/C:/Users/Shardaps/.m2/repository/org/apache/httpcomponents/httpclient/4.5.3/httpclient-4.5.3.jar!/org/], URL [jar:file:/C:/Users/Shardaps/.m2/repository/org/apache/httpcomponents/httpcore/4.4.8/httpcore-4.4.8.jar!/org/], URL [jar:file:/C:/Users/Shardaps/.m2/repository/javax/servlet/jstl/1.2/jstl-1.2.jar!/org/], URL [jar:file:/C:/Users/Shardaps/.m2/repository/org/apache/maven/surefire/surefire-junit4/2.18.1/surefire-junit4-2.18.1.jar!/org/], URL [jar:file:/C:/Users/Shardaps/.m2/repository/org/jacoco/org.jacoco.agent/0.7.6.201602180812/org.jacoco.agent-0.7.6.201602180812-runtime.jar!/org/]]
13:13:35,103 - main DEBUG PathMatchingResourcePatternResolver - Looking for matching resources in jar file [file:/C:/Users/Shardaps/.m2/repository/org/apache/maven/surefire/surefire-booter/2.18.1/surefire-booter-2.18.1.jar]
13:13:35,103 - main DEBUG PathMatchingResourcePatternResolver - Looking for matching resources in jar file [file:/C:/Users/Shardaps/.m2/repository/org/apache/maven/surefire/surefire-api/2.18.1/surefire-api-2.18.1.jar]
13:13:35,103 - main DEBUG PathMatchingResourcePatternResolver - Looking for matching resources in directory tree [D:\usr\workspace\Sharda_test\crmmodel\target\test-classes\org]
13:13:35,103 - main DEBUG PathMatchingResourcePatternResolver - Searching directory [D:\usr\workspace\Sharda_test\crmmodel\target\test-classes\org] for files matching pattern [D:/usr/workspace/Sharda_test/crmmodel/target/test-classes/org/*.class]
13:13:35,103 - main DEBUG PathMatchingResourcePatternResolver - Looking for matching resources in directory tree [D:\usr\workspace\Sharda_test\crmmodel\target\classes\org]
13:13:35,103 - main DEBUG PathMatchingResourcePatternResolver - Searching directory [D:\usr\workspace\Sharda_test\crmmodel\target\classes\org] for files matching pattern [D:/usr/workspace/Sharda_test/crmmodel/target/classes/org/*.class]
13:13:35,119 - main DEBUG PathMatchingResourcePatternResolver - Looking for matching resources in jar file [file:/C:/Users/Shardaps/.m2/repository/ch/qos/logback/logback-classic/1.1.11/logback-classic-1.1.11.jar]
13:13:35,119 - main DEBUG PathMatchingResourcePatternResolver - Looking for matching resources in jar file [file:/C:/Users/Shardaps/.m2/repository/org/slf4j/jul-to-slf4j/1.7.25/jul-to-slf4j-1.7.25.jar]
13:13:35,119 - main DEBUG PathMatchingResourcePatternResolver - Looking for matching resources in jar file [file:/C:/Users/Shardaps/.m2/repository/org/slf4j/log4j-over-slf4j/1.7.25/log4j-over-slf4j-1.7.25.jar]
13:13:35,119 - main DEBUG PathMatchingResourcePatternResolver - Looking for matching resources in jar file [file:/C:/Users/Shardaps/.m2/repository/org/springframework/spring-jms/4.3.13.RELEASE/spring-jms-4.3.13.RELEASE.jar]
13:13:35,135 - main DEBUG PathMatchingResourcePatternResolver - Looking for matching resources in jar file [file:/C:/Users/Shardaps/.m2/repository/org/springframework/spring-tx/4.3.13.RELEASE/spring-tx-4.3.13.RELEASE.jar]
13:13:35,135 - main DEBUG PathMatchingResourcePatternResolver - Looking for matching resources in jar file [file:/C:/Users/Shardaps/.m2/repository/org/apache/activemq/activemq-broker/5.14.5/activemq-broker-5.14.5.jar]
13:13:35,150 - main DEBUG PathMatchingResourcePatternResolver - Looking for matching resources in jar file [file:/C:/Users/Shardaps/.m2/repository/org/apache/activemq/activemq-client/5.14.5/activemq-client-5.14.5.jar]
13:13:35,150 - main DEBUG PathMatchingResourcePatternResolver - Looking for matching resources in jar file [file:/C:/Users/Shardaps/.m2/repository/org/fusesource/hawtbuf/hawtbuf/1.11/hawtbuf-1.11.jar]
13:13:35,166 - main DEBUG PathMatchingResourcePatternResolver - Looking for matching resources in jar file [file:/C:/Users/Shardaps/.m2/repository/org/apache/activemq/activemq-openwire-legacy/5.14.5/activemq-openwire-legacy-5.14.5.jar]
13:13:35,166 - main DEBUG PathMatchingResourcePatternResolver - Looking for matching resources in jar file [file:/C:/Users/Shardaps/.m2/repository/org/springframework/spring-aop/4.3.13.RELEASE/spring-aop-4.3.13.RELEASE.jar]
13:13:35,166 - main DEBUG PathMatchingResourcePatternResolver - Looking for matching resources in jar file [file:/C:/Users/Shardaps/.m2/repository/org/aspectj/aspectjweaver/1.8.13/aspectjweaver-1.8.13.jar]
13:13:35,181 - main DEBUG PathMatchingResourcePatternResolver - Looking for matching resources in jar file [file:/C:/Users/Shardaps/.m2/repository/org/apache/tomcat/tomcat-jdbc/8.5.23/tomcat-jdbc-8.5.23.jar]
13:13:35,181 - main DEBUG PathMatchingResourcePatternResolver - Looking for matching resources in jar file [file:/C:/Users/Shardaps/.m2/repository/org/apache/tomcat/tomcat-juli/8.5.23/tomcat-juli-8.5.23.jar]
13:13:35,181 - main DEBUG PathMatchingResourcePatternResolver - Looking for matching resources in jar file [file:/C:/Users/Shardaps/.m2/repository/org/springframework/spring-jdbc/4.3.13.RELEASE/spring-jdbc-4.3.13.RELEASE.jar]
13:13:35,197 - main DEBUG PathMatchingResourcePatternResolver - Looking for matching resources in jar file [file:/C:/Users/Shardaps/.m2/repository/org/hibernate/hibernate-core/5.0.12.Final/hibernate-core-5.0.12.Final.jar]
13:13:35,244 - main DEBUG PathMatchingResourcePatternResolver - Looking for matching resources in jar file [file:/C:/Users/Shardaps/.m2/repository/org/jboss/logging/jboss-logging/3.3.1.Final/jboss-logging-3.3.1.Final.jar]
13:13:35,244 - main DEBUG PathMatchingResourcePatternResolver - Looking for matching resources in jar file [file:/C:/Users/Shardaps/.m2/repository/org/jboss/jandex/2.0.0.Final/jandex-2.0.0.Final.jar]
13:13:35,244 - main DEBUG PathMatchingResourcePatternResolver - Looking for matching resources in jar file [file:/C:/Users/Shardaps/.m2/repository/dom4j/dom4j/1.6.1/dom4j-1.6.1.jar]
13:13:35,259 - main DEBUG PathMatchingResourcePatternResolver - Looking for matching resources in jar file [file:/C:/Users/Shardaps/.m2/repository/org/hibernate/common/hibernate-commons-annotations/5.0.1.Final/hibernate-commons-annotations-5.0.1.Final.jar]
13:13:35,259 - main DEBUG PathMatchingResourcePatternResolver - Looking for matching resources in jar file [file:/C:/Users/Shardaps/.m2/repository/org/hibernate/hibernate-entitymanager/5.0.12.Final/hibernate-entitymanager-5.0.12.Final.jar]
13:13:35,259 - main DEBUG PathMatchingResourcePatternResolver - Looking for matching resources in jar file [file:/C:/Users/Shardaps/.m2/repository/org/springframework/data/spring-data-jpa/1.11.9.RELEASE/spring-data-jpa-1.11.9.RELEASE.jar]
13:13:35,259 - main DEBUG PathMatchingResourcePatternResolver - Looking for matching resources in jar file [file:/C:/Users/Shardaps/.m2/repository/org/springframework/data/spring-data-commons/1.13.9.RELEASE/spring-data-commons-1.13.9.RELEASE.jar]
13:13:35,275 - main DEBUG PathMatchingResourcePatternResolver - Looking for matching resources in jar file [file:/C:/Users/Shardaps/.m2/repository/org/springframework/spring-orm/4.3.13.RELEASE/spring-orm-4.3.13.RELEASE.jar]
13:13:35,275 - main DEBUG PathMatchingResourcePatternResolver - Looking for matching resources in jar file [file:/C:/Users/Shardaps/.m2/repository/org/slf4j/jcl-over-slf4j/1.7.25/jcl-over-slf4j-1.7.25.jar]
13:13:35,275 - main DEBUG PathMatchingResourcePatternResolver - Looking for matching resources in jar file [file:/C:/Users/Shardaps/.m2/repository/org/springframework/spring-aspects/4.3.13.RELEASE/spring-aspects-4.3.13.RELEASE.jar]
13:13:35,291 - main DEBUG PathMatchingResourcePatternResolver - Looking for matching resources in jar file [file:/C:/Users/Shardaps/.m2/repository/org/springframework/hateoas/spring-hateoas/0.23.0.RELEASE/spring-hateoas-0.23.0.RELEASE.jar]
13:13:35,291 - main DEBUG PathMatchingResourcePatternResolver - Looking for matching resources in jar file [file:/C:/Users/Shardaps/.m2/repository/org/springframework/plugin/spring-plugin-core/1.2.0.RELEASE/spring-plugin-core-1.2.0.RELEASE.jar]
13:13:35,291 - main DEBUG PathMatchingResourcePatternResolver - Looking for matching resources in jar file [file:/C:/Users/Shardaps/.m2/repository/org/springframework/integration/spring-integration-core/4.3.12.RELEASE/spring-integration-core-4.3.12.RELEASE.jar]
13:13:35,291 - main DEBUG PathMatchingResourcePatternResolver - Looking for matching resources in jar file [file:/C:/Users/Shardaps/.m2/repository/org/springframework/retry/spring-retry/1.2.1.RELEASE/spring-retry-1.2.1.RELEASE.jar]
13:13:35,291 - main DEBUG PathMatchingResourcePatternResolver - Looking for matching resources in jar file [file:/C:/Users/Shardaps/.m2/repository/org/springframework/integration/spring-integration-java-dsl/1.2.3.RELEASE/spring-integration-java-dsl-1.2.3.RELEASE.jar]
13:13:35,306 - main DEBUG PathMatchingResourcePatternResolver - Looking for matching resources in jar file [file:/C:/Users/Shardaps/.m2/repository/org/reactivestreams/reactive-streams/1.0.0/reactive-streams-1.0.0.jar]
13:13:35,306 - main DEBUG PathMatchingResourcePatternResolver - Looking for matching resources in jar file [file:/C:/Users/Shardaps/.m2/repository/org/springframework/spring-context-support/4.3.13.RELEASE/spring-context-support-4.3.13.RELEASE.jar]
13:13:35,306 - main DEBUG PathMatchingResourcePatternResolver - Looking for matching resources in jar file [file:/C:/Users/Shardaps/.m2/repository/org/mybatis/spring/boot/mybatis-spring-boot-autoconfigure/1.3.1/mybatis-spring-boot-autoconfigure-1.3.1.jar]
13:13:35,306 - main DEBUG PathMatchingResourcePatternResolver - Looking for matching resources in jar file [file:/C:/Users/Shardaps/.m2/repository/org/mybatis/mybatis/3.4.5/mybatis-3.4.5.jar]
13:13:35,322 - main DEBUG PathMatchingResourcePatternResolver - Looking for matching resources in jar file [file:/C:/Users/Shardaps/.m2/repository/org/mybatis/mybatis-spring/1.3.1/mybatis-spring-1.3.1.jar]
13:13:35,322 - main DEBUG PathMatchingResourcePatternResolver - Looking for matching resources in jar file [file:/C:/Users/Shardaps/.m2/repository/org/springframework/social/spring-social-config/1.1.4.RELEASE/spring-social-config-1.1.4.RELEASE.jar]
[...]
13:13:36,323 - main DEBUG PathMatchingResourcePatternResolver - Looking for matching resources in jar file [file:/C:/Users/Shardaps/.m2/repository/org/springframework/data/spring-data-jpa/1.11.9.RELEASE/spring-data-jpa-1.11.9.RELEASE.jar]
13:13:36,323 - main DEBUG PathMatchingResourcePatternResolver - Looking for matching resources in jar file [file:/C:/Users/Shardaps/.m2/repository/org/springframework/data/spring-data-commons/1.13.9.RELEASE/spring-data-commons-1.13.9.RELEASE.jar]
13:13:36,323 - main DEBUG PathMatchingResourcePatternResolver - Looking for matching resources in jar file [file:/C:/Users/Shardaps/.m2/repository/org/springframework/spring-orm/4.3.13.RELEASE/spring-orm-4.3.13.RELEASE.jar]
13:13:36,338 - main DEBUG PathMatchingResourcePatternResolver - Looking for matching resources in jar file [file:/C:/Users/Shardaps/.m2/repository/org/slf4j/jcl-over-slf4j/1.7.25/jcl-over-slf4j-1.7.25.jar]
13:13:36,338 - main DEBUG PathMatchingResourcePatternResolver - Looking for matching resources in jar file [file:/C:/Users/Shardaps/.m2/repository/org/springframework/spring-aspects/4.3.13.RELEASE/spring-aspects-4.3.13.RELEASE.jar]
13:13:36,338 - main DEBUG PathMatchingResourcePatternResolver - Looking for matching resources in jar file [file:/C:/Users/Shardaps/.m2/repository/org/springframework/hateoas/spring-hateoas/0.23.0.RELEASE/spring-hateoas-0.23.0.RELEASE.jar]
13:13:36,338 - main DEBUG PathMatchingResourcePatternResolver - Looking for matching resources in jar file [file:/C:/Users/Shardaps/.m2/repository/org/springframework/plugin/spring-plugin-core/1.2.0.RELEASE/spring-plugin-core-1.2.0.RELEASE.jar]
13:13:36,338 - main DEBUG PathMatchingResourcePatternResolver - Looking for matching resources in jar file [file:/C:/Users/Shardaps/.m2/repository/org/springframework/integration/spring-integration-core/4.3.12.RELEASE/spring-integration-core-4.3.12.RELEASE.jar]
13:13:36,338 - main DEBUG PathMatchingResourcePatternResolver - Looking for matching resources in jar file [file:/C:/Users/Shardaps/.m2/repository/org/springframework/retry/spring-retry/1.2.1.RELEASE/spring-retry-1.2.1.RELEASE.jar]
13:13:36,338 - main DEBUG PathMatchingResourcePatternResolver - Looking for matching resources in jar file [file:/C:/Users/Shardaps/.m2/repository/org/springframework/integration/spring-integration-java-dsl/1.2.3.RELEASE/spring-integration-java-dsl-1.2.3.RELEASE.jar]
13:13:36,338 - main DEBUG PathMatchingResourcePatternResolver - Looking for matching resources in jar file [file:/C:/Users/Shardaps/.m2/repository/org/reactivestreams/reactive-streams/1.0.0/reactive-streams-1.0.0.jar]
13:13:36,338 - main DEBUG PathMatchingResourcePatternResolver - Looking for matching resources in jar file [file:/C:/Users/Shardaps/.m2/repository/org/springframework/spring-context-support/4.3.13.RELEASE/spring-context-support-4.3.13.RELEASE.jar]
13:13:36,338 - main DEBUG PathMatchingResourcePatternResolver - Looking for matching resources in jar file [file:/C:/Users/Shardaps/.m2/repository/org/mybatis/spring/boot/mybatis-spring-boot-autoconfigure/1.3.1/mybatis-spring-boot-autoconfigure-1.3.1.jar]
13:13:36,338 - main DEBUG PathMatchingResourcePatternResolver - Looking for matching resources in jar file [file:/C:/Users/Shardaps/.m2/repository/org/mybatis/mybatis/3.4.5/mybatis-3.4.5.jar]
13:13:36,354 - main DEBUG PathMatchingResourcePatternResolver - Looking for matching resources in jar file [file:/C:/Users/Shardaps/.m2/repository/org/mybatis/mybatis-spring/1.3.1/mybatis-spring-1.3.1.jar]
13:13:36,354 - main DEBUG PathMatchingResourcePatternResolver - Looking for matching resources in jar file [file:/C:/Users/Shardaps/.m2/repository/org/springframework/social/spring-social-config/1.1.4.RELEASE/spring-social-config-1.1.4.RELEASE.jar]
13:13:36,354 - main DEBUG PathMatchingResourcePatternResolver - Looking for matching resources in jar file [file:/C:/Users/Shardaps/.m2/repository/org/springframework/social/spring-social-core/1.1.4.RELEASE/spring-social-core-1.1.4.RELEASE.jar]
13:13:36,354 - main DEBUG PathMatchingResourcePatternResolver - Looking for matching resources in jar file [file:/C:/Users/Shardaps/.m2/repository/org/springframework/social/spring-social-web/1.1.4.RELEASE/spring-social-web-1.1.4.RELEASE.jar]
13:13:36,354 - main DEBUG PathMatchingResourcePatternResolver - Looking for matching resources in jar file [file:/C:/Users/Shardaps/.m2/repository/org/springframework/social/spring-social-facebook/2.0.3.RELEASE/spring-social-facebook-2.0.3.RELEASE.jar]
13:13:36,354 - main DEBUG PathMatchingResourcePatternResolver - Looking for matching resources in jar file [file:/C:/Users/Shardaps/.m2/repository/org/springframework/social/spring-social-linkedin/1.0.2.RELEASE/spring-social-linkedin-1.0.2.RELEASE.jar]
13:13:36,354 - main DEBUG PathMatchingResourcePatternResolver - Looking for matching resources in jar file [file:/C:/Users/Shardaps/.m2/repository/org/springframework/social/spring-social-twitter/1.1.2.RELEASE/spring-social-twitter-1.1.2.RELEASE.jar]
13:13:36,354 - main DEBUG PathMatchingResourcePatternResolver - Looking for matching resources in jar file [file:/C:/Users/Shardaps/.m2/repository/org/springframework/security/spring-security-crypto/4.2.3.RELEASE/spring-security-crypto-4.2.3.RELEASE.jar]
13:13:36,354 - main DEBUG PathMatchingResourcePatternResolver - Looking for matching resources in jar file [file:/C:/Users/Shardaps/.m2/repository/org/hibernate/hibernate-validator/5.3.6.Final/hibernate-validator-5.3.6.Final.jar]
13:13:36,401 - main DEBUG PathMatchingResourcePatternResolver - Looking for matching resources in jar file [file:/C:/Users/Shardaps/.m2/repository/org/springframework/spring-web/4.3.13.RELEASE/spring-web-4.3.13.RELEASE.jar]
13:13:36,416 - main DEBUG PathMatchingResourcePatternResolver - Looking for matching resources in jar file [file:/C:/Users/Shardaps/.m2/repository/org/springframework/spring-oxm/4.3.13.RELEASE/spring-oxm-4.3.13.RELEASE.jar]
13:13:36,416 - main DEBUG PathMatchingResourcePatternResolver - Looking for matching resources in jar file [file:/C:/Users/Shardaps/.m2/repository/org/springframework/ws/spring-ws-core/2.4.2.RELEASE/spring-ws-core-2.4.2.RELEASE.jar]
13:13:36,416 - main DEBUG PathMatchingResourcePatternResolver - Looking for matching resources in jar file [file:/C:/Users/Shardaps/.m2/repository/org/springframework/ws/spring-xml/2.4.2.RELEASE/spring-xml-2.4.2.RELEASE.jar]
13:13:36,416 - main DEBUG PathMatchingResourcePatternResolver - Looking for matching resources in jar file [file:/C:/Users/Shardaps/.m2/repository/org/springframework/spring-messaging/4.3.13.RELEASE/spring-messaging-4.3.13.RELEASE.jar]
13:13:36,416 - main DEBUG PathMatchingResourcePatternResolver - Looking for matching resources in jar file [file:/C:/Users/Shardaps/.m2/repository/org/springframework/spring-websocket/4.3.13.RELEASE/spring-websocket-4.3.13.RELEASE.jar]
13:13:36,416 - main DEBUG PathMatchingResourcePatternResolver - Looking for matching resources in jar file [file:/C:/Users/Shardaps/.m2/repository/org/apache/tomcat/embed/tomcat-embed-core/8.5.23/tomcat-embed-core-8.5.23.jar]
13:13:36,416 - main DEBUG PathMatchingResourcePatternResolver - Looking for matching resources in jar file [file:/C:/Users/Shardaps/.m2/repository/org/apache/tomcat/embed/tomcat-embed-el/8.5.23/tomcat-embed-el-8.5.23.jar]
13:13:36,416 - main DEBUG PathMatchingResourcePatternResolver - Looking for matching resources in jar file [file:/C:/Users/Shardaps/.m2/repository/org/apache/tomcat/embed/tomcat-embed-websocket/8.5.23/tomcat-embed-websocket-8.5.23.jar]
13:13:36,432 - main DEBUG PathMatchingResourcePatternResolver - Looking for matching resources in jar file [file:/C:/Users/Shardaps/.m2/repository/org/springframework/boot/spring-boot-devtools/1.5.9.RELEASE/spring-boot-devtools-1.5.9.RELEASE.jar]
13:13:36,432 - main DEBUG PathMatchingResourcePatternResolver - Looking for matching resources in jar file [file:/C:/Users/Shardaps/.m2/repository/org/springframework/boot/spring-boot/1.5.9.RELEASE/spring-boot-1.5.9.RELEASE.jar]
13:13:36,432 - main DEBUG PathMatchingResourcePatternResolver - Looking for matching resources in jar file [file:/C:/Users/Shardaps/.m2/repository/org/springframework/boot/spring-boot-autoconfigure/1.5.9.RELEASE/spring-boot-autoconfigure-1.5.9.RELEASE.jar]
13:13:36,432 - main DEBUG PathMatchingResourcePatternResolver - Looking for matching resources in jar file [file:/C:/Users/Shardaps/.m2/repository/org/springframework/spring-context/4.3.13.RELEASE/spring-context-4.3.13.RELEASE.jar]
13:13:36,432 - main DEBUG PathMatchingResourcePatternResolver - Looking for matching resources in jar file [file:/C:/Users/Shardaps/.m2/repository/org/springframework/spring-beans/4.3.13.RELEASE/spring-beans-4.3.13.RELEASE.jar]
13:13:36,432 - main DEBUG PathMatchingResourcePatternResolver - Looking for matching resources in jar file [file:/C:/Users/Shardaps/.m2/repository/org/springframework/spring-core/4.3.13.RELEASE/spring-core-4.3.13.RELEASE.jar]
13:13:36,447 - main DEBUG PathMatchingResourcePatternResolver - Looking for matching resources in jar file [file:/C:/Users/Shardaps/.m2/repository/org/springframework/spring-expression/4.3.13.RELEASE/spring-expression-4.3.13.RELEASE.jar]
13:13:36,447 - main DEBUG PathMatchingResourcePatternResolver - Looking for matching resources in jar file [file:/C:/Users/Shardaps/.m2/repository/org/springframework/spring-webmvc/4.3.13.RELEASE/spring-webmvc-4.3.13.RELEASE.jar]
13:13:36,525 - main DEBUG PathMatchingResourcePatternResolver - Looking for matching resources in jar file [file:/C:/Users/Shardaps/.m2/repository/org/springframework/security/spring-security-config/4.2.3.RELEASE/spring-security-config-4.2.3.RELEASE.jar]
13:13:36,525 - main DEBUG PathMatchingResourcePatternResolver - Looking for matching resources in jar file [file:/C:/Users/Shardaps/.m2/repository/org/springframework/security/spring-security-web/4.2.3.RELEASE/spring-security-web-4.2.3.RELEASE.jar]
13:13:36,525 - main DEBUG PathMatchingResourcePatternResolver - Looking for matching resources in jar file [file:/C:/Users/Shardaps/.m2/repository/org/springframework/security/spring-security-test/4.2.3.RELEASE/spring-security-test-4.2.3.RELEASE.jar]
13:13:36,541 - main DEBUG PathMatchingResourcePatternResolver - Looking for matching resources in jar file [file:/C:/Users/Shardaps/.m2/repository/org/springframework/security/spring-security-core/4.2.3.RELEASE/spring-security-core-4.2.3.RELEASE.jar]
13:13:36,541 - main DEBUG PathMatchingResourcePatternResolver - Looking for matching resources in jar file [file:/C:/Users/Shardaps/.m2/repository/aopalliance/aopalliance/1.0/aopalliance-1.0.jar]
13:13:36,541 - main DEBUG PathMatchingResourcePatternResolver - Looking for matching resources in jar file [file:/C:/Users/Shardaps/.m2/repository/org/springframework/spring-test/4.3.13.RELEASE/spring-test-4.3.13.RELEASE.jar]
13:13:36,541 - main DEBUG PathMatchingResourcePatternResolver - Looking for matching resources in jar file [file:/C:/Users/Shardaps/.m2/repository/org/springframework/data/spring-data-redis/1.8.9.RELEASE/spring-data-redis-1.8.9.RELEASE.jar]
13:13:36,557 - main DEBUG PathMatchingResourcePatternResolver - Looking for matching resources in jar file [file:/C:/Users/Shardaps/.m2/repository/org/springframework/data/spring-data-keyvalue/1.2.9.RELEASE/spring-data-keyvalue-1.2.9.RELEASE.jar]
13:13:36,557 - main DEBUG PathMatchingResourcePatternResolver - Looking for matching resources in jar file [file:/C:/Users/Shardaps/.m2/repository/org/apache/commons/commons-pool2/2.4.3/commons-pool2-2.4.3.jar]
13:13:36,557 - main DEBUG PathMatchingResourcePatternResolver - Looking for matching resources in jar file [file:/C:/Users/Shardaps/.m2/repository/org/springframework/session/spring-session/1.3.1.RELEASE/spring-session-1.3.1.RELEASE.jar]
13:13:36,557 - main DEBUG PathMatchingResourcePatternResolver - Looking for matching resources in jar file [file:/C:/Users/Shardaps/.m2/repository/org/yaml/snakeyaml/1.17/snakeyaml-1.17.jar]
13:13:36,557 - main DEBUG PathMatchingResourcePatternResolver - Looking for matching resources in jar file [file:/C:/Users/Shardaps/.m2/repository/mysql/mysql-connector-java/5.1.44/mysql-connector-java-5.1.44.jar]
13:13:36,557 - main DEBUG PathMatchingResourcePatternResolver - Looking for matching resources in jar file [file:/C:/Users/Shardaps/.m2/repository/org/reflections/reflections/0.9.11/reflections-0.9.11.jar]
13:13:36,557 - main DEBUG PathMatchingResourcePatternResolver - Looking for matching resources in jar file [file:/C:/Users/Shardaps/.m2/repository/org/slf4j/slf4j-api/1.7.25/slf4j-api-1.7.25.jar]
13:13:36,557 - main DEBUG PathMatchingResourcePatternResolver - Looking for matching resources in jar file [file:/C:/Users/Shardaps/.m2/repository/org/springframework/plugin/spring-plugin-metadata/1.2.0.RELEASE/spring-plugin-metadata-1.2.0.RELEASE.jar]
13:13:36,557 - main DEBUG PathMatchingResourcePatternResolver - Looking for matching resources in jar file [file:/C:/Users/Shardaps/.m2/repository/org/mapstruct/mapstruct/1.1.0.Final/mapstruct-1.1.0.Final.jar]
13:13:36,557 - main DEBUG PathMatchingResourcePatternResolver - Looking for matching resources in jar file [file:/C:/Users/Shardaps/.m2/repository/org/jsondoc/spring-boot-starter-jsondoc/1.2.19/spring-boot-starter-jsondoc-1.2.19.jar]
13:13:36,557 - main DEBUG PathMatchingResourcePatternResolver - Looking for matching resources in jar file [file:/C:/Users/Shardaps/.m2/repository/org/jsondoc/jsondoc-springmvc/1.2.19/jsondoc-springmvc-1.2.19.jar]
13:13:36,557 - main DEBUG PathMatchingResourcePatternResolver - Looking for matching resources in jar file [file:/C:/Users/Shardaps/.m2/repository/org/jsondoc/jsondoc-core/1.2.19/jsondoc-core-1.2.19.jar]
13:13:36,557 - main DEBUG PathMatchingResourcePatternResolver - Looking for matching resources in jar file [file:/C:/Users/Shardaps/.m2/repository/commons-httpclient/commons-httpclient/3.1/commons-httpclient-3.1.jar]
13:13:36,557 - main DEBUG PathMatchingResourcePatternResolver - Looking for matching resources in jar file [file:/C:/Users/Shardaps/.m2/repository/commons-logging/commons-logging/1.0.4/commons-logging-1.0.4.jar]
13:13:36,572 - main DEBUG PathMatchingResourcePatternResolver - Looking for matching resources in jar file [file:/C:/Users/Shardaps/.m2/repository/commons-codec/commons-codec/1.10/commons-codec-1.10.jar]
13:13:36,572 - main DEBUG PathMatchingResourcePatternResolver - Looking for matching resources in jar file [file:/C:/Users/Shardaps/.m2/repository/org/hamcrest/hamcrest-core/1.3/hamcrest-core-1.3.jar]
13:13:36,572 - main DEBUG PathMatchingResourcePatternResolver - Looking for matching resources in jar file [file:/C:/Users/Shardaps/.m2/repository/junit/junit/4.12/junit-4.12.jar]
13:13:36,572 - main DEBUG PathMatchingResourcePatternResolver - Looking for matching resources in jar file [file:/C:/Users/Shardaps/.m2/repository/org/mockito/mockito-core/1.10.19/mockito-core-1.10.19.jar]
13:13:36,572 - main DEBUG PathMatchingResourcePatternResolver - Looking for matching resources in jar file [file:/C:/Users/Shardaps/.m2/repository/org/objenesis/objenesis/2.1/objenesis-2.1.jar]
13:13:36,572 - main DEBUG PathMatchingResourcePatternResolver - Looking for matching resources in jar file [file:/C:/Users/Shardaps/.m2/repository/org/powermock/powermock-module-junit4/1.6.4/powermock-module-junit4-1.6.4.jar]
13:13:36,572 - main DEBUG PathMatchingResourcePatternResolver - Looking for matching resources in jar file [file:/C:/Users/Shardaps/.m2/repository/org/powermock/powermock-module-junit4-common/1.6.4/powermock-module-junit4-common-1.6.4.jar]
13:13:36,572 - main DEBUG PathMatchingResourcePatternResolver - Looking for matching resources in jar file [file:/C:/Users/Shardaps/.m2/repository/org/powermock/powermock-core/1.6.4/powermock-core-1.6.4.jar]
13:13:36,572 - main DEBUG PathMatchingResourcePatternResolver - Looking for matching resources in jar file [file:/C:/Users/Shardaps/.m2/repository/org/powermock/powermock-reflect/1.6.4/powermock-reflect-1.6.4.jar]
13:13:36,572 - main DEBUG PathMatchingResourcePatternResolver - Looking for matching resources in jar file [file:/C:/Users/Shardaps/.m2/repository/org/powermock/powermock-api-mockito/1.6.4/powermock-api-mockito-1.6.4.jar]
13:13:36,572 - main DEBUG PathMatchingResourcePatternResolver - Looking for matching resources in jar file [file:/C:/Users/Shardaps/.m2/repository/org/powermock/powermock-api-support/1.6.4/powermock-api-support-1.6.4.jar]
13:13:36,572 - main DEBUG PathMatchingResourcePatternResolver - Looking for matching resources in jar file [file:/C:/Users/Shardaps/.m2/repository/org/springframework/boot/spring-boot-test/1.5.9.RELEASE/spring-boot-test-1.5.9.RELEASE.jar]
13:13:36,572 - main DEBUG PathMatchingResourcePatternResolver - Looking for matching resources in jar file [file:/C:/Users/Shardaps/.m2/repository/org/springframework/boot/spring-boot-test-autoconfigure/1.5.9.RELEASE/spring-boot-test-autoconfigure-1.5.9.RELEASE.jar]
13:13:36,572 - main DEBUG PathMatchingResourcePatternResolver - Looking for matching resources in jar file [file:/C:/Users/Shardaps/.m2/repository/net/minidev/accessors-smart/1.1/accessors-smart-1.1.jar]
13:13:36,572 - main DEBUG PathMatchingResourcePatternResolver - Looking for matching resources in jar file [file:/C:/Users/Shardaps/.m2/repository/org/ow2/asm/asm/5.0.3/asm-5.0.3.jar]
13:13:36,588 - main DEBUG PathMatchingResourcePatternResolver - Looking for matching resources in jar file [file:/C:/Users/Shardaps/.m2/repository/org/assertj/assertj-core/2.6.0/assertj-core-2.6.0.jar]
13:13:36,593 - main DEBUG PathMatchingResourcePatternResolver - Looking for matching resources in jar file [file:/C:/Users/Shardaps/.m2/repository/org/hamcrest/hamcrest-library/1.3/hamcrest-library-1.3.jar]
13:13:36,593 - main DEBUG PathMatchingResourcePatternResolver - Looking for matching resources in jar file [file:/C:/Users/Shardaps/.m2/repository/org/skyscreamer/jsonassert/1.4.0/jsonassert-1.4.0.jar]
13:13:36,593 - main DEBUG PathMatchingResourcePatternResolver - Looking for matching resources in jar file [file:/C:/Users/Shardaps/.m2/repository/com/vaadin/external/google/android-json/0.0.20131108.vaadin1/android-json-0.0.20131108.vaadin1.jar]
13:13:36,593 - main DEBUG PathMatchingResourcePatternResolver - Looking for matching resources in jar file [file:/C:/Users/Shardaps/.m2/repository/commons-io/commons-io/1.3.2/commons-io-1.3.2.jar]
13:13:36,595 - main DEBUG PathMatchingResourcePatternResolver - Looking for matching resources in jar file [file:/C:/Users/Shardaps/.m2/repository/joda-time/joda-time/2.9.9/joda-time-2.9.9.jar]
13:13:36,598 - main DEBUG PathMatchingResourcePatternResolver - Looking for matching resources in jar file [file:/C:/Users/Shardaps/.m2/repository/org/apache/httpcomponents/httpclient/4.5.3/httpclient-4.5.3.jar]
13:13:36,598 - main DEBUG PathMatchingResourcePatternResolver - Looking for matching resources in jar file [file:/C:/Users/Shardaps/.m2/repository/org/apache/httpcomponents/httpcore/4.4.8/httpcore-4.4.8.jar]
13:13:36,600 - main DEBUG PathMatchingResourcePatternResolver - Looking for matching resources in jar file [file:/C:/Users/Shardaps/.m2/repository/javax/servlet/jstl/1.2/jstl-1.2.jar]
13:13:36,603 - main DEBUG PathMatchingResourcePatternResolver - Looking for matching resources in jar file [file:/C:/Users/Shardaps/.m2/repository/org/apache/maven/surefire/surefire-junit4/2.18.1/surefire-junit4-2.18.1.jar]
13:13:36,603 - main DEBUG PathMatchingResourcePatternResolver - Looking for matching resources in jar file [file:/C:/Users/Shardaps/.m2/repository/org/jacoco/org.jacoco.agent/0.7.6.201602180812/org.jacoco.agent-0.7.6.201602180812-runtime.jar]
13:13:36,605 - main DEBUG PathMatchingResourcePatternResolver - Resolved location pattern [classpath*:org/*.class] to resources []
]]></system-out>
  </testcase>
</testsuite>